-- west build: making build dir /home/hdj/zephyrproject/art_pi_example/build-10.touch_gt1151 pristine
-- west build: generating a build system
Loading Zephyr default modules (Zephyr base).
-- Application: /home/hdj/zephyrproject/art_pi_example/10.touch_gt1151
-- CMake version: 3.22.1
-- Found Python3: /usr/bin/python3 (found suitable version "3.10.12", minimum required is "3.10") found components: Interpreter 
-- Cache files will be written to: /home/hdj/.cache/zephyr
-- Zephyr version: 4.2.99 (/home/hdj/zephyrproject/zephyr)
-- Found west (found suitable version "1.3.0", minimum required is "0.14.0")
-- Board: art_pi, qualifiers: stm32h750xx
-- ZEPHYR_TOOLCHAIN_VARIANT not set, trying to locate Zephyr SDK
-- Found host-tools: zephyr 0.17.4 (/home/hdj/zephyrproject/zephyr/zephyr-sdk-0.17.4)
-- Found toolchain: zephyr 0.17.4 (/home/hdj/zephyrproject/zephyr/zephyr-sdk-0.17.4)
-- Found Dtc: /home/hdj/zephyrproject/zephyr/zephyr-sdk-0.17.4/sysroots/x86_64-pokysdk-linux/usr/bin/dtc (found suitable version "1.7.0", minimum required is "1.4.6") 
-- Found BOARD.dts: /home/hdj/zephyrproject/zephyr/boards/ruiside/art_pi/art_pi.dts
-- Found devicetree overlay: /home/hdj/zephyrproject/art_pi_example/10.touch_gt1151/art_pi.overlay
-- Generated zephyr.dts: /home/hdj/zephyrproject/art_pi_example/build-10.touch_gt1151/zephyr/zephyr.dts
-- Generated pickled edt: /home/hdj/zephyrproject/art_pi_example/build-10.touch_gt1151/zephyr/edt.pickle
-- Generated devicetree_generated.h: /home/hdj/zephyrproject/art_pi_example/build-10.touch_gt1151/zephyr/include/generated/zephyr/devicetree_generated.h
Parsing /home/hdj/zephyrproject/zephyr/Kconfig
Loaded configuration '/home/hdj/zephyrproject/zephyr/boards/ruiside/art_pi/art_pi_defconfig'
Merged configuration '/home/hdj/zephyrproject/art_pi_example/10.touch_gt1151/prj.conf'
Merged configuration '/home/hdj/zephyrproject/art_pi_example/build-10.touch_gt1151/zephyr/misc/generated/extra_kconfig_options.conf'
Configuration saved to '/home/hdj/zephyrproject/art_pi_example/build-10.touch_gt1151/zephyr/.config'
Kconfig header saved to '/home/hdj/zephyrproject/art_pi_example/build-10.touch_gt1151/zephyr/include/generated/zephyr/autoconf.h'
-- Found GnuLd: /home/hdj/zephyrproject/zephyr/zephyr-sdk-0.17.4/arm-zephyr-eabi/arm-zephyr-eabi/bin/ld.bfd (found version "2.38") 
-- The C compiler identification is GNU 12.2.0
-- The CXX compiler identification is GNU 12.2.0
-- The ASM compiler identification is GNU
-- Found assembler: /home/hdj/zephyrproject/zephyr/zephyr-sdk-0.17.4/arm-zephyr-eabi/bin/arm-zephyr-eabi-gcc
-- Using ccache: /usr/bin/ccache
-- Found gen_kobject_list: /home/hdj/zephyrproject/zephyr/scripts/build/gen_kobject_list.py
-- Including signing script: /home/hdj/zephyrproject/zephyr/cmake/mcuboot.cmake
CMake Warning at /home/hdj/zephyrproject/zephyr/cmake/mcuboot.cmake:166 (message):
  slot0_partition write block size devicetree parameter is missing, assuming
  write block size is 4
Call Stack (most recent call first):
  /home/hdj/zephyrproject/zephyr/cmake/mcuboot.cmake:312 (zephyr_mcuboot_tasks)
  /home/hdj/zephyrproject/zephyr/CMakeLists.txt:2199 (include)


-- Configuring done
-- Generating done
-- Build files have been written to: /home/hdj/zephyrproject/art_pi_example/build-10.touch_gt1151
-- west build: building application
[1/167] Preparing syscall dependency handling

[2/167] Generating include/generated/zephyr/version.h
-- Zephyr version: 4.2.99 (/home/hdj/zephyrproject/zephyr), build: v4.2.0-5860-ge8b08d32e572
[3/167] Generating misc/generated/syscalls_subdirs.trigger
[4/167] Generating misc/generated/syscalls.json, misc/generated/struct_tags.json
[5/167] Generating include/generated/device-api-sections.ld, include/generated/device-api-sections.cmake
[6/167] Generating include/generated/zephyr/driver-validation.h
[7/167] Generating include/generated/zephyr/kobj-types-enum.h, include/generated/zephyr/otype-to-str.h, include/generated/zephyr/otype-to-size.h
[8/167] Generating include/generated/zephyr/syscall_dispatch.c, include/generated/zephyr/syscall_exports_llext.c, syscall_weakdefs_llext.c, include/generated/zephyr/syscall_list.h
[9/167] Building C object zephyr/CMakeFiles/offsets.dir/arch/arm/core/offsets/offsets.c.obj
[10/167] Generating include/generated/zephyr/offsets.h
[11/167] Building C object zephyr/CMakeFiles/zephyr.dir/lib/utils/dec.c.obj
[12/167] Building C object zephyr/CMakeFiles/zephyr.dir/lib/utils/hex.c.obj
[13/167] Building C object zephyr/CMakeFiles/zephyr.dir/lib/utils/timeutil.c.obj
[14/167] Building C object zephyr/CMakeFiles/zephyr.dir/lib/os/sem.c.obj
[15/167] Building C object zephyr/CMakeFiles/zephyr.dir/lib/utils/bitmask.c.obj
[16/167] Building C object zephyr/CMakeFiles/zephyr.dir/lib/libc/validate_libc.c.obj
[17/167] Building C object zephyr/CMakeFiles/zephyr.dir/lib/utils/ring_buffer.c.obj
[18/167] Building C object zephyr/CMakeFiles/zephyr.dir/lib/utils/rb.c.obj
[19/167] Building C object zephyr/CMakeFiles/zephyr.dir/lib/utils/last_section_id.c.obj
[20/167] Building C object zephyr/CMakeFiles/zephyr.dir/misc/generated/configs.c.obj
[21/167] Building C object zephyr/CMakeFiles/zephyr.dir/lib/os/assert.c.obj
[22/167] Building C object zephyr/CMakeFiles/zephyr.dir/lib/os/clock.c.obj
[23/167] Building C object zephyr/CMakeFiles/zephyr.dir/soc/st/stm32/common/stm32_cache.c.obj
[24/167] Building C object zephyr/CMakeFiles/zephyr.dir/lib/heap/heap.c.obj
[25/167] Building C object zephyr/CMakeFiles/zephyr.dir/lib/os/thread_entry.c.obj
[26/167] Building C object zephyr/CMakeFiles/zephyr.dir/lib/os/printk.c.obj
[27/167] Building C object CMakeFiles/app.dir/src/main.c.obj
/home/hdj/zephyrproject/art_pi_example/10.touch_gt1151/src/main.c:130:6: warning: return type of 'main' is not 'int' [-Wmain]
  130 | void main(void)
      |      ^~~~
[28/167] Building C object zephyr/CMakeFiles/zephyr.dir/lib/os/cbprintf_complete.c.obj
[29/167] Building C object zephyr/CMakeFiles/zephyr.dir/subsys/logging/log_cache.c.obj
[30/167] Building C object zephyr/CMakeFiles/zephyr.dir/lib/os/cbprintf_packaged.c.obj
[31/167] Linking C static library app/libapp.a
[32/167] Building C object zephyr/CMakeFiles/zephyr.dir/lib/utils/bitarray.c.obj
[33/167] Building C object zephyr/CMakeFiles/zephyr.dir/soc/st/stm32/stm32h7x/mpu_regions.c.obj
[34/167] Building C object zephyr/CMakeFiles/zephyr.dir/soc/st/stm32/common/soc_config.c.obj
[35/167] Building C object zephyr/CMakeFiles/zephyr.dir/soc/st/stm32/common/stm32cube_hal.c.obj
[36/167] Building C object zephyr/CMakeFiles/zephyr.dir/soc/st/stm32/stm32h7x/soc_m7.c.obj
[37/167] Building C object zephyr/CMakeFiles/zephyr.dir/subsys/logging/log_core.c.obj
[38/167] Building C object zephyr/arch/common/CMakeFiles/arch__common.dir/init.c.obj
[39/167] Building C object zephyr/CMakeFiles/zephyr.dir/subsys/logging/log_mgmt.c.obj
[40/167] Building ASM object zephyr/arch/arch/arm/core/CMakeFiles/arch__arm__core.dir/nmi_on_reset.S.obj
[41/167] Building C object zephyr/CMakeFiles/zephyr.dir/soc/st/stm32/common/stm32_backup_domain.c.obj
[42/167] Building C object zephyr/CMakeFiles/zephyr.dir/subsys/logging/log_msg.c.obj
[43/167] Building C object zephyr/CMakeFiles/zephyr.dir/subsys/tracing/tracing_none.c.obj
[44/167] Generating linker_zephyr_pre0.cmd
[45/167] Building C object zephyr/CMakeFiles/zephyr_pre0.dir/misc/empty_file.c.obj
[46/167] Building ASM object zephyr/arch/arch/arm/core/cortex_m/CMakeFiles/arch__arm__core__cortex_m.dir/fault_s.S.obj
[47/167] Building C object zephyr/CMakeFiles/zephyr.dir/subsys/logging/backends/log_backend_uart.c.obj
[48/167] Building ASM object zephyr/arch/arch/arm/core/cortex_m/CMakeFiles/arch__arm__core__cortex_m.dir/reset.S.obj
[49/167] Building C object zephyr/CMakeFiles/zephyr.dir/subsys/mem_mgmt/mem_attr.c.obj
[50/167] Building C object zephyr/CMakeFiles/zephyr.dir/subsys/logging/log_output.c.obj
[51/167] Linking C static library zephyr/libzephyr.a
[52/167] Building C object zephyr/arch/common/CMakeFiles/isr_tables.dir/isr_tables.c.obj
[53/167] Building C object zephyr/arch/common/CMakeFiles/arch__common.dir/xip.c.obj
[54/167] Building ASM object zephyr/arch/arch/arm/core/cortex_m/CMakeFiles/arch__arm__core__cortex_m.dir/vector_table.S.obj
[55/167] Building C object zephyr/arch/common/CMakeFiles/arch__common.dir/sw_isr_common.c.obj
[56/167] Linking C static library zephyr/arch/common/libisr_tables.a
[57/167] Building ASM object zephyr/arch/arch/arm/core/cortex_m/CMakeFiles/arch__arm__core__cortex_m.dir/swap_helper.S.obj
[58/167] Linking C static library zephyr/arch/common/libarch__common.a
[59/167] Building C object zephyr/arch/arch/arm/core/CMakeFiles/arch__arm__core.dir/nmi.c.obj
[60/167] Building C object zephyr/arch/arch/arm/core/CMakeFiles/arch__arm__core.dir/tls.c.obj
[61/167] Building C object zephyr/arch/arch/arm/core/CMakeFiles/arch__arm__core.dir/fatal.c.obj
[62/167] Linking C static library zephyr/arch/arch/arm/core/libarch__arm__core.a
[63/167] Building C object zephyr/arch/arch/arm/core/cortex_m/CMakeFiles/arch__arm__core__cortex_m.dir/exc_exit.c.obj
[64/167] Building ASM object zephyr/arch/arch/arm/core/cortex_m/CMakeFiles/arch__arm__core__cortex_m.dir/__aeabi_read_tp.S.obj
[65/167] Building C object zephyr/arch/arch/arm/core/cortex_m/CMakeFiles/arch__arm__core__cortex_m.dir/fpu.c.obj
[66/167] Building C object zephyr/arch/arch/arm/core/cortex_m/CMakeFiles/arch__arm__core__cortex_m.dir/thread_abort.c.obj
[67/167] Building C object zephyr/arch/arch/arm/core/cortex_m/CMakeFiles/arch__arm__core__cortex_m.dir/fault.c.obj
[68/167] Building C object zephyr/arch/arch/arm/core/cortex_m/CMakeFiles/arch__arm__core__cortex_m.dir/scb.c.obj
[69/167] Building C object zephyr/drivers/interrupt_controller/CMakeFiles/drivers__interrupt_controller.dir/intc_gpio_stm32.c.obj
[70/167] Building C object zephyr/arch/arch/arm/core/cortex_m/CMakeFiles/arch__arm__core__cortex_m.dir/prep_c.c.obj
[71/167] Building C object zephyr/arch/arch/arm/core/cortex_m/CMakeFiles/arch__arm__core__cortex_m.dir/irq_manage.c.obj
[72/167] Building C object zephyr/arch/arch/arm/core/cortex_m/CMakeFiles/arch__arm__core__cortex_m.dir/thread.c.obj
[73/167] Building C object zephyr/arch/arch/arm/core/cortex_m/CMakeFiles/arch__arm__core__cortex_m.dir/irq_init.c.obj
[74/167] Building C object zephyr/arch/arch/arm/core/cortex_m/CMakeFiles/arch__arm__core__cortex_m.dir/cpu_idle.c.obj
[75/167] Building C object zephyr/arch/arch/arm/core/cortex_m/CMakeFiles/arch__arm__core__cortex_m.dir/isr_wrapper.c.obj
[76/167] Building C object zephyr/lib/libc/common/CMakeFiles/lib__libc__common.dir/source/time/time.c.obj
[77/167] Building C object zephyr/arch/arch/arm/core/cortex_m/CMakeFiles/arch__arm__core__cortex_m.dir/cache.c.obj
[78/167] Building C object zephyr/arch/arch/arm/core/mpu/CMakeFiles/arch__arm__core__mpu.dir/arm_core_mpu.c.obj
[79/167] Building C object zephyr/lib/libc/picolibc/CMakeFiles/lib__libc__picolibc.dir/assert.c.obj
[80/167] Linking C static library zephyr/arch/arch/arm/core/cortex_m/libarch__arm__core__cortex_m.a
[81/167] Building C object zephyr/subsys/input/CMakeFiles/subsys__input.dir/input_hid.c.obj
[82/167] Building C object zephyr/arch/arch/arm/core/mpu/CMakeFiles/arch__arm__core__mpu.dir/arm_mpu.c.obj
[83/167] Linking C static library zephyr/arch/arch/arm/core/mpu/libarch__arm__core__mpu.a
[84/167] Building C object zephyr/lib/libc/picolibc/CMakeFiles/lib__libc__picolibc.dir/chk_fail.c.obj
[85/167] Building C object zephyr/lib/libc/picolibc/CMakeFiles/lib__libc__picolibc.dir/cbprintf.c.obj
[86/167] Building C object zephyr/lib/libc/picolibc/CMakeFiles/lib__libc__picolibc.dir/errno_wrap.c.obj
[87/167] Building C object zephyr/lib/libc/picolibc/CMakeFiles/lib__libc__picolibc.dir/exit.c.obj
[88/167] Building C object zephyr/lib/libc/common/CMakeFiles/lib__libc__common.dir/source/stdlib/abort.c.obj
[89/167] Building C object zephyr/lib/libc/common/CMakeFiles/lib__libc__common.dir/source/stdlib/malloc.c.obj
[90/167] Building C object zephyr/lib/libc/picolibc/CMakeFiles/lib__libc__picolibc.dir/stdio.c.obj
[91/167] Building C object zephyr/lib/libc/picolibc/CMakeFiles/lib__libc__picolibc.dir/locks.c.obj
[92/167] Building C object zephyr/subsys/input/CMakeFiles/subsys__input.dir/input.c.obj
[93/167] Linking C static library zephyr/lib/libc/common/liblib__libc__common.a
[94/167] Building C object zephyr/subsys/input/CMakeFiles/subsys__input.dir/input_utils.c.obj
[95/167] Linking C static library zephyr/lib/libc/picolibc/liblib__libc__picolibc.a
[96/167] Linking C static library zephyr/subsys/input/libsubsys__input.a
[97/167] Building C object zephyr/drivers/pinctrl/CMakeFiles/drivers__pinctrl.dir/common.c.obj
[98/167] Building C object zephyr/drivers/interrupt_controller/CMakeFiles/drivers__interrupt_controller.dir/intc_exti_stm32.c.obj
[99/167] Building C object zephyr/drivers/console/CMakeFiles/drivers__console.dir/uart_console.c.obj
[100/167] Building C object zephyr/drivers/clock_control/CMakeFiles/drivers__clock_control.dir/clock_stm32_ll_h7.c.obj
[101/167] Linking C static library zephyr/drivers/interrupt_controller/libdrivers__interrupt_controller.a
[102/167] Linking C static library zephyr/drivers/console/libdrivers__console.a
[103/167] Linking C static library zephyr/drivers/clock_control/libdrivers__clock_control.a
[104/167] Building C object zephyr/drivers/gpio/CMakeFiles/drivers__gpio.dir/gpio_stm32.c.obj
[105/167] Building C object zephyr/drivers/i2c/CMakeFiles/drivers__i2c.dir/i2c_common.c.obj
[106/167] Linking C static library zephyr/drivers/gpio/libdrivers__gpio.a
[107/167] Building C object zephyr/drivers/i2c/CMakeFiles/drivers__i2c.dir/i2c_ll_stm32_common.c.obj
[108/167] Building C object zephyr/drivers/i2c/CMakeFiles/drivers__i2c.dir/i2c_ll_stm32.c.obj
[109/167] Building C object zephyr/drivers/input/CMakeFiles/drivers__input.dir/input_gpio_keys.c.obj
[110/167] Building C object zephyr/drivers/i2c/CMakeFiles/drivers__i2c.dir/i2c_ll_stm32_v2.c.obj
[111/167] Building C object modules/hal_stm32/stm32cube/CMakeFiles/..__modules__hal__stm32__stm32cube.dir/stm32h7xx/soc/system_stm32h7xx.c.obj
[112/167] Building C object modules/hal_stm32/stm32cube/CMakeFiles/..__modules__hal__stm32__stm32cube.dir/stm32h7xx/drivers/src/stm32h7xx_hal.c.obj
[113/167] Linking C static library zephyr/drivers/i2c/libdrivers__i2c.a
[114/167] Building C object zephyr/drivers/input/CMakeFiles/drivers__input.dir/input_gt911.c.obj
[115/167] Building C object zephyr/drivers/input/CMakeFiles/drivers__input.dir/input_gt1151.c.obj
[116/167] Building C object zephyr/drivers/pinctrl/CMakeFiles/drivers__pinctrl.dir/pinctrl_stm32.c.obj
[117/167] Building C object zephyr/drivers/reset/CMakeFiles/drivers__reset.dir/reset_stm32.c.obj
[118/167] Linking C static library zephyr/drivers/input/libdrivers__input.a
[119/167] Linking C static library zephyr/drivers/pinctrl/libdrivers__pinctrl.a
[120/167] Building C object modules/hal_stm32/stm32cube/CMakeFiles/..__modules__hal__stm32__stm32cube.dir/stm32h7xx/drivers/src/stm32h7xx_hal_rcc_ex.c.obj
[121/167] Linking C static library zephyr/drivers/reset/libdrivers__reset.a
[122/167] Building C object modules/hal_stm32/stm32cube/CMakeFiles/..__modules__hal__stm32__stm32cube.dir/stm32h7xx/drivers/src/stm32h7xx_hal_rcc.c.obj
[123/167] Building C object modules/hal_stm32/stm32cube/CMakeFiles/..__modules__hal__stm32__stm32cube.dir/stm32h7xx/drivers/src/stm32h7xx_hal_cortex.c.obj
[124/167] Building C object zephyr/drivers/timer/CMakeFiles/drivers__timer.dir/sys_clock_init.c.obj
[125/167] Building C object modules/hal_stm32/stm32cube/CMakeFiles/..__modules__hal__stm32__stm32cube.dir/stm32h7xx/drivers/src/stm32h7xx_ll_rcc.c.obj
[126/167] Building C object zephyr/drivers/serial/CMakeFiles/drivers__serial.dir/uart_stm32.c.obj
[127/167] Building C object zephyr/drivers/timer/CMakeFiles/drivers__timer.dir/cortex_m_systick.c.obj
[128/167] Building C object modules/hal_stm32/stm32cube/CMakeFiles/..__modules__hal__stm32__stm32cube.dir/stm32h7xx/drivers/src/stm32h7xx_ll_utils.c.obj
[129/167] Linking C static library zephyr/drivers/serial/libdrivers__serial.a
[130/167] Linking C static library zephyr/drivers/timer/libdrivers__timer.a
[131/167] Linking C static library modules/hal_stm32/stm32cube/lib..__modules__hal__stm32__stm32cube.a
[132/167] Building C object zephyr/kernel/CMakeFiles/kernel.dir/version.c.obj
[133/167] Building C object zephyr/kernel/CMakeFiles/kernel.dir/main_weak.c.obj
[134/167] Building C object zephyr/kernel/CMakeFiles/kernel.dir/busy_wait.c.obj
[135/167] Building C object zephyr/kernel/CMakeFiles/kernel.dir/banner.c.obj
[136/167] Building C object zephyr/kernel/CMakeFiles/kernel.dir/kheap.c.obj
[137/167] Building C object zephyr/kernel/CMakeFiles/kernel.dir/device.c.obj
[138/167] Building C object zephyr/kernel/CMakeFiles/kernel.dir/fatal.c.obj
[139/167] Building C object zephyr/kernel/CMakeFiles/kernel.dir/errno.c.obj
[140/167] Building C object zephyr/kernel/CMakeFiles/kernel.dir/init.c.obj
[141/167] Building C object zephyr/kernel/CMakeFiles/kernel.dir/mem_slab.c.obj
[142/167] Building C object zephyr/kernel/CMakeFiles/kernel.dir/float.c.obj
[143/167] Building C object zephyr/kernel/CMakeFiles/kernel.dir/idle.c.obj
[144/167] Building C object zephyr/kernel/CMakeFiles/kernel.dir/mailbox.c.obj
[145/167] Building C object zephyr/kernel/CMakeFiles/kernel.dir/msg_q.c.obj
[146/167] Building C object zephyr/kernel/CMakeFiles/kernel.dir/queue.c.obj
[147/167] Building C object zephyr/kernel/CMakeFiles/kernel.dir/sem.c.obj
[148/167] Building C object zephyr/kernel/CMakeFiles/kernel.dir/work.c.obj
[149/167] Building C object zephyr/kernel/CMakeFiles/kernel.dir/system_work_q.c.obj
[150/167] Building C object zephyr/kernel/CMakeFiles/kernel.dir/condvar.c.obj
[151/167] Building C object zephyr/kernel/CMakeFiles/kernel.dir/stack.c.obj
[152/167] Building C object zephyr/kernel/CMakeFiles/kernel.dir/mutex.c.obj
[153/167] Building C object zephyr/kernel/CMakeFiles/kernel.dir/thread.c.obj
[154/167] Building C object zephyr/kernel/CMakeFiles/kernel.dir/pipe.c.obj
[155/167] Building C object zephyr/kernel/CMakeFiles/kernel.dir/sched.c.obj
[156/167] Building C object zephyr/kernel/CMakeFiles/kernel.dir/timeslicing.c.obj
[157/167] Building C object zephyr/kernel/CMakeFiles/kernel.dir/timer.c.obj
[158/167] Building C object zephyr/kernel/CMakeFiles/kernel.dir/timeout.c.obj
[159/167] Building C object zephyr/kernel/CMakeFiles/kernel.dir/mempool.c.obj
[160/167] Building C object zephyr/kernel/CMakeFiles/kernel.dir/dynamic_disabled.c.obj
[161/167] Linking C static library zephyr/kernel/libkernel.a
[162/167] Linking C executable zephyr/zephyr_pre0.elf
[163/167] Generating linker.cmd
[164/167] Generating isr_tables.c, isr_tables_vt.ld, isr_tables_swi.ld
[165/167] Building C object zephyr/CMakeFiles/zephyr_final.dir/misc/empty_file.c.obj
[166/167] Building C object zephyr/CMakeFiles/zephyr_final.dir/isr_tables.c.obj
[167/167] Linking C executable zephyr/zephyr.elf
Memory region         Used Size  Region Size  %age Used
           FLASH:       37008 B         2 MB      1.76%
             RAM:       16832 B       512 KB      3.21%
          EXTMEM:          0 GB         8 MB      0.00%
           SRAM0:          0 GB       512 KB      0.00%
           SRAM1:          0 GB       128 KB      0.00%
           SRAM2:          0 GB       128 KB      0.00%
           SRAM4:          0 GB        64 KB      0.00%
            DTCM:          0 GB       128 KB      0.00%
            ITCM:          0 GB        64 KB      0.00%
           SRAM3:         16 KB        32 KB     50.00%
          SDRAM1:          0 GB         6 MB      0.00%
        IDT_LIST:          0 GB        32 KB      0.00%
Generating files from /home/hdj/zephyrproject/art_pi_example/build-10.touch_gt1151/zephyr/zephyr.elf for board: art_pi
image.py: sign the payload
image.py: sign the payload
