-- west build: making build dir /home/hdj/zephyrproject/art_pi_example/build-16.webusb pristine
-- west build: generating a build system
Loading Zephyr default modules (Zephyr base).
-- Application: /home/hdj/zephyrproject/art_pi_example/16.webusb
-- CMake version: 3.22.1
-- Found Python3: /usr/bin/python3 (found suitable version "3.10.12", minimum required is "3.10") found components: Interpreter 
-- Cache files will be written to: /home/hdj/.cache/zephyr
-- Zephyr version: 4.2.99 (/home/hdj/zephyrproject/zephyr)
-- Found west (found suitable version "1.3.0", minimum required is "0.14.0")
-- Board: art_pi, qualifiers: stm32h750xx
-- ZEPHYR_TOOLCHAIN_VARIANT not set, trying to locate Zephyr SDK
-- Found host-tools: zephyr 0.17.4 (/home/hdj/zephyrproject/zephyr/zephyr-sdk-0.17.4)
-- Found toolchain: zephyr 0.17.4 (/home/hdj/zephyrproject/zephyr/zephyr-sdk-0.17.4)
-- Found Dtc: /home/hdj/zephyrproject/zephyr/zephyr-sdk-0.17.4/sysroots/x86_64-pokysdk-linux/usr/bin/dtc (found suitable version "1.7.0", minimum required is "1.4.6") 
-- Found BOARD.dts: /home/hdj/zephyrproject/zephyr/boards/ruiside/art_pi/art_pi.dts
-- Found devicetree overlay: /home/hdj/zephyrproject/art_pi_example/16.webusb/art_pi.overlay
-- Generated zephyr.dts: /home/hdj/zephyrproject/art_pi_example/build-16.webusb/zephyr/zephyr.dts
-- Generated pickled edt: /home/hdj/zephyrproject/art_pi_example/build-16.webusb/zephyr/edt.pickle
-- Generated devicetree_generated.h: /home/hdj/zephyrproject/art_pi_example/build-16.webusb/zephyr/include/generated/zephyr/devicetree_generated.h
Parsing /home/hdj/zephyrproject/art_pi_example/16.webusb/Kconfig
Loaded configuration '/home/hdj/zephyrproject/zephyr/boards/ruiside/art_pi/art_pi_defconfig'
Merged configuration '/home/hdj/zephyrproject/art_pi_example/16.webusb/prj.conf'
Merged configuration '/home/hdj/zephyrproject/art_pi_example/build-16.webusb/zephyr/misc/generated/extra_kconfig_options.conf'
Configuration saved to '/home/hdj/zephyrproject/art_pi_example/build-16.webusb/zephyr/.config'
Kconfig header saved to '/home/hdj/zephyrproject/art_pi_example/build-16.webusb/zephyr/include/generated/zephyr/autoconf.h'
-- Found GnuLd: /home/hdj/zephyrproject/zephyr/zephyr-sdk-0.17.4/arm-zephyr-eabi/arm-zephyr-eabi/bin/ld.bfd (found version "2.38") 
-- The C compiler identification is GNU 12.2.0
-- The CXX compiler identification is GNU 12.2.0
-- The ASM compiler identification is GNU
-- Found assembler: /home/hdj/zephyrproject/zephyr/zephyr-sdk-0.17.4/arm-zephyr-eabi/bin/arm-zephyr-eabi-gcc
-- Using ccache: /usr/bin/ccache
-- Found gen_kobject_list: /home/hdj/zephyrproject/zephyr/scripts/build/gen_kobject_list.py
-- Including signing script: /home/hdj/zephyrproject/zephyr/cmake/mcuboot.cmake
CMake Warning at /home/hdj/zephyrproject/zephyr/cmake/mcuboot.cmake:166 (message):
  slot0_partition write block size devicetree parameter is missing, assuming
  write block size is 4
Call Stack (most recent call first):
  /home/hdj/zephyrproject/zephyr/cmake/mcuboot.cmake:312 (zephyr_mcuboot_tasks)
  /home/hdj/zephyrproject/zephyr/CMakeLists.txt:2199 (include)


-- Configuring done
-- Generating done
-- Build files have been written to: /home/hdj/zephyrproject/art_pi_example/build-16.webusb
-- west build: building application
[1/180] Preparing syscall dependency handling

[2/180] Generating include/generated/zephyr/version.h
-- Zephyr version: 4.2.99 (/home/hdj/zephyrproject/zephyr), build: v4.2.0-5860-ge8b08d32e572
[3/180] Generating misc/generated/syscalls_subdirs.trigger
[4/180] Generating misc/generated/syscalls.json, misc/generated/struct_tags.json
[5/180] Generating include/generated/device-api-sections.ld, include/generated/device-api-sections.cmake
[6/180] Generating include/generated/zephyr/syscall_dispatch.c, include/generated/zephyr/syscall_exports_llext.c, syscall_weakdefs_llext.c, include/generated/zephyr/syscall_list.h
[7/180] Generating include/generated/zephyr/driver-validation.h
[8/180] Generating include/generated/zephyr/kobj-types-enum.h, include/generated/zephyr/otype-to-str.h, include/generated/zephyr/otype-to-size.h
[9/180] Building C object zephyr/CMakeFiles/offsets.dir/arch/arm/core/offsets/offsets.c.obj
[10/180] Generating include/generated/zephyr/offsets.h
[11/180] Building C object zephyr/CMakeFiles/zephyr.dir/lib/os/sem.c.obj
[12/180] Building C object zephyr/CMakeFiles/zephyr.dir/lib/os/assert.c.obj
[13/180] Building C object zephyr/CMakeFiles/zephyr.dir/lib/os/clock.c.obj
[14/180] Building C object zephyr/CMakeFiles/zephyr.dir/lib/os/cbprintf_packaged.c.obj
[15/180] Building C object zephyr/CMakeFiles/zephyr.dir/lib/utils/dec.c.obj
[16/180] Building C object zephyr/CMakeFiles/zephyr.dir/lib/os/thread_entry.c.obj
[17/180] Building C object zephyr/CMakeFiles/zephyr.dir/lib/utils/hex.c.obj
[18/180] Building C object zephyr/CMakeFiles/zephyr.dir/lib/heap/heap.c.obj
[19/180] Building C object zephyr/CMakeFiles/zephyr.dir/lib/utils/timeutil.c.obj
[20/180] Building C object zephyr/CMakeFiles/zephyr.dir/lib/utils/bitmask.c.obj
[21/180] Building C object zephyr/CMakeFiles/zephyr.dir/lib/os/printk.c.obj
[22/180] Building C object zephyr/CMakeFiles/zephyr.dir/lib/utils/ring_buffer.c.obj
[23/180] Building C object zephyr/CMakeFiles/zephyr.dir/lib/utils/last_section_id.c.obj
[24/180] Building C object zephyr/CMakeFiles/zephyr.dir/lib/libc/validate_libc.c.obj
[25/180] Building C object zephyr/CMakeFiles/zephyr.dir/misc/generated/configs.c.obj
[26/180] Building C object zephyr/CMakeFiles/zephyr.dir/lib/os/cbprintf_complete.c.obj
[27/180] Building C object zephyr/CMakeFiles/zephyr.dir/soc/st/stm32/common/stm32_cache.c.obj
[28/180] Building C object CMakeFiles/app.dir/src/sfunc.c.obj
[29/180] Building C object CMakeFiles/app.dir/home/hdj/zephyrproject/zephyr/samples/subsys/usb/common/sample_usbd_init.c.obj
[30/180] Building C object zephyr/CMakeFiles/zephyr.dir/subsys/logging/log_cache.c.obj
[31/180] Building C object CMakeFiles/app.dir/src/main.c.obj
[32/180] Linking C static library app/libapp.a
[33/180] Building C object zephyr/CMakeFiles/zephyr.dir/lib/os/mpsc_pbuf.c.obj
[34/180] Building C object zephyr/CMakeFiles/zephyr.dir/soc/st/stm32/stm32h7x/mpu_regions.c.obj
[35/180] Building C object zephyr/CMakeFiles/zephyr.dir/lib/utils/rb.c.obj
[36/180] Building C object zephyr/CMakeFiles/zephyr.dir/lib/utils/bitarray.c.obj
[37/180] Building C object zephyr/CMakeFiles/zephyr.dir/soc/st/stm32/common/stm32cube_hal.c.obj
[38/180] Building C object zephyr/CMakeFiles/zephyr.dir/soc/st/stm32/common/stm32_backup_domain.c.obj
[39/180] Building C object zephyr/arch/common/CMakeFiles/arch__common.dir/init.c.obj
[40/180] Building C object zephyr/CMakeFiles/zephyr.dir/subsys/logging/log_core.c.obj
[41/180] Building C object zephyr/CMakeFiles/zephyr.dir/soc/st/stm32/common/soc_config.c.obj
[42/180] Building C object zephyr/CMakeFiles/zephyr.dir/soc/st/stm32/stm32h7x/soc_m7.c.obj
[43/180] Building C object zephyr/CMakeFiles/zephyr.dir/subsys/logging/log_mgmt.c.obj
[44/180] Building C object zephyr/CMakeFiles/zephyr.dir/subsys/logging/log_msg.c.obj
[45/180] Generating linker_zephyr_pre0.cmd
[46/180] Building ASM object zephyr/arch/arch/arm/core/CMakeFiles/arch__arm__core.dir/nmi_on_reset.S.obj
[47/180] Building C object zephyr/CMakeFiles/zephyr_pre0.dir/misc/empty_file.c.obj
[48/180] Building C object zephyr/CMakeFiles/zephyr.dir/subsys/logging/log_output.c.obj
[49/180] Building ASM object zephyr/arch/arch/arm/core/cortex_m/CMakeFiles/arch__arm__core__cortex_m.dir/fault_s.S.obj
[50/180] Building C object zephyr/CMakeFiles/zephyr.dir/subsys/tracing/tracing_none.c.obj
[51/180] Building C object zephyr/arch/common/CMakeFiles/isr_tables.dir/isr_tables.c.obj
[52/180] Building C object zephyr/CMakeFiles/zephyr.dir/subsys/mem_mgmt/mem_attr.c.obj
[53/180] Linking C static library zephyr/arch/common/libisr_tables.a
[54/180] Building C object zephyr/CMakeFiles/zephyr.dir/subsys/logging/backends/log_backend_uart.c.obj
[55/180] Building C object zephyr/arch/common/CMakeFiles/arch__common.dir/xip.c.obj
[56/180] Building C object zephyr/arch/common/CMakeFiles/arch__common.dir/sw_isr_common.c.obj
[57/180] Building ASM object zephyr/arch/arch/arm/core/cortex_m/CMakeFiles/arch__arm__core__cortex_m.dir/reset.S.obj
[58/180] Building C object zephyr/arch/arch/arm/core/CMakeFiles/arch__arm__core.dir/tls.c.obj
[59/180] Building ASM object zephyr/arch/arch/arm/core/cortex_m/CMakeFiles/arch__arm__core__cortex_m.dir/vector_table.S.obj
[60/180] Building ASM object zephyr/arch/arch/arm/core/cortex_m/CMakeFiles/arch__arm__core__cortex_m.dir/swap_helper.S.obj
[61/180] Linking C static library zephyr/arch/common/libarch__common.a
[62/180] Building C object zephyr/arch/arch/arm/core/cortex_m/CMakeFiles/arch__arm__core__cortex_m.dir/exc_exit.c.obj
[63/180] Linking C static library zephyr/libzephyr.a
[64/180] Building C object zephyr/arch/arch/arm/core/CMakeFiles/arch__arm__core.dir/fatal.c.obj
[65/180] Building C object zephyr/arch/arch/arm/core/CMakeFiles/arch__arm__core.dir/nmi.c.obj
[66/180] Linking C static library zephyr/arch/arch/arm/core/libarch__arm__core.a
[67/180] Building C object zephyr/arch/arch/arm/core/cortex_m/CMakeFiles/arch__arm__core__cortex_m.dir/scb.c.obj
[68/180] Building ASM object zephyr/arch/arch/arm/core/cortex_m/CMakeFiles/arch__arm__core__cortex_m.dir/__aeabi_read_tp.S.obj
[69/180] Building C object zephyr/arch/arch/arm/core/cortex_m/CMakeFiles/arch__arm__core__cortex_m.dir/fpu.c.obj
[70/180] Building C object zephyr/arch/arch/arm/core/cortex_m/CMakeFiles/arch__arm__core__cortex_m.dir/prep_c.c.obj
[71/180] Building C object zephyr/arch/arch/arm/core/cortex_m/CMakeFiles/arch__arm__core__cortex_m.dir/thread_abort.c.obj
[72/180] Building C object zephyr/arch/arch/arm/core/cortex_m/CMakeFiles/arch__arm__core__cortex_m.dir/irq_manage.c.obj
[73/180] Building C object zephyr/arch/arch/arm/core/cortex_m/CMakeFiles/arch__arm__core__cortex_m.dir/thread.c.obj
[74/180] Building C object zephyr/arch/arch/arm/core/cortex_m/CMakeFiles/arch__arm__core__cortex_m.dir/cpu_idle.c.obj
[75/180] Building C object zephyr/subsys/usb/device_next/CMakeFiles/subsys__usb__device_next.dir/usbd_config.c.obj
[76/180] Building C object zephyr/arch/arch/arm/core/cortex_m/CMakeFiles/arch__arm__core__cortex_m.dir/fault.c.obj
[77/180] Building C object zephyr/arch/arch/arm/core/cortex_m/CMakeFiles/arch__arm__core__cortex_m.dir/irq_init.c.obj
[78/180] Building C object zephyr/subsys/usb/device_next/CMakeFiles/subsys__usb__device_next.dir/usbd_init.c.obj
[79/180] Building C object zephyr/arch/arch/arm/core/cortex_m/CMakeFiles/arch__arm__core__cortex_m.dir/isr_wrapper.c.obj
[80/180] Building C object zephyr/lib/libc/common/CMakeFiles/lib__libc__common.dir/source/time/time.c.obj
[81/180] Building C object zephyr/arch/arch/arm/core/cortex_m/CMakeFiles/arch__arm__core__cortex_m.dir/cache.c.obj
[82/180] Building C object zephyr/arch/arch/arm/core/mpu/CMakeFiles/arch__arm__core__mpu.dir/arm_core_mpu.c.obj
[83/180] Linking C static library zephyr/arch/arch/arm/core/cortex_m/libarch__arm__core__cortex_m.a
[84/180] Building C object zephyr/lib/libc/picolibc/CMakeFiles/lib__libc__picolibc.dir/assert.c.obj
[85/180] Building C object zephyr/lib/libc/picolibc/CMakeFiles/lib__libc__picolibc.dir/errno_wrap.c.obj
[86/180] Building C object zephyr/lib/libc/picolibc/CMakeFiles/lib__libc__picolibc.dir/cbprintf.c.obj
[87/180] Building C object zephyr/lib/libc/picolibc/CMakeFiles/lib__libc__picolibc.dir/chk_fail.c.obj
[88/180] Building C object zephyr/lib/libc/picolibc/CMakeFiles/lib__libc__picolibc.dir/exit.c.obj
[89/180] Building C object zephyr/lib/libc/common/CMakeFiles/lib__libc__common.dir/source/stdlib/abort.c.obj
[90/180] Building C object zephyr/lib/libc/picolibc/CMakeFiles/lib__libc__picolibc.dir/locks.c.obj
[91/180] Building C object zephyr/lib/libc/picolibc/CMakeFiles/lib__libc__picolibc.dir/stdio.c.obj
[92/180] Building C object zephyr/lib/libc/common/CMakeFiles/lib__libc__common.dir/source/stdlib/malloc.c.obj
[93/180] Building C object zephyr/arch/arch/arm/core/mpu/CMakeFiles/arch__arm__core__mpu.dir/arm_mpu.c.obj
[94/180] Linking C static library zephyr/lib/libc/common/liblib__libc__common.a
[95/180] Linking C static library zephyr/lib/libc/picolibc/liblib__libc__picolibc.a
[96/180] Linking C static library zephyr/arch/arch/arm/core/mpu/libarch__arm__core__mpu.a
[97/180] Building C object zephyr/lib/net_buf/CMakeFiles/lib__net_buf.dir/buf.c.obj
[98/180] Building C object zephyr/lib/net_buf/CMakeFiles/lib__net_buf.dir/buf_simple.c.obj
[99/180] Linking C static library zephyr/lib/net_buf/liblib__net_buf.a
[100/180] Building C object zephyr/subsys/usb/device_next/CMakeFiles/subsys__usb__device_next.dir/usbd_endpoint.c.obj
[101/180] Building C object zephyr/subsys/usb/device_next/CMakeFiles/subsys__usb__device_next.dir/usbd_device.c.obj
[102/180] Building C object zephyr/subsys/usb/device_next/CMakeFiles/subsys__usb__device_next.dir/usbd_desc.c.obj
[103/180] Building C object zephyr/subsys/usb/device_next/CMakeFiles/subsys__usb__device_next.dir/usbd_interface.c.obj
[104/180] Building C object zephyr/drivers/interrupt_controller/CMakeFiles/drivers__interrupt_controller.dir/intc_gpio_stm32.c.obj
[105/180] Building C object zephyr/subsys/usb/device_next/CMakeFiles/subsys__usb__device_next.dir/usbd_class.c.obj
[106/180] Building C object zephyr/drivers/pinctrl/CMakeFiles/drivers__pinctrl.dir/common.c.obj
[107/180] Building C object zephyr/subsys/usb/device_next/CMakeFiles/subsys__usb__device_next.dir/usbd_msg.c.obj
[108/180] Building C object zephyr/subsys/usb/device_next/CMakeFiles/subsys__usb__device_next.dir/usbd_core.c.obj
[109/180] Building C object zephyr/drivers/interrupt_controller/CMakeFiles/drivers__interrupt_controller.dir/intc_exti_stm32.c.obj
[110/180] Building C object zephyr/drivers/console/CMakeFiles/drivers__console.dir/uart_console.c.obj
[111/180] Building C object zephyr/drivers/clock_control/CMakeFiles/drivers__clock_control.dir/clock_stm32_ll_h7.c.obj
[112/180] Linking C static library zephyr/drivers/console/libdrivers__console.a
[113/180] Building C object zephyr/drivers/hwinfo/CMakeFiles/drivers__hwinfo.dir/hwinfo_weak_impl.c.obj
[114/180] Linking C static library zephyr/drivers/interrupt_controller/libdrivers__interrupt_controller.a
[115/180] Linking C static library zephyr/drivers/clock_control/libdrivers__clock_control.a
[116/180] Building C object zephyr/drivers/hwinfo/CMakeFiles/drivers__hwinfo.dir/hwinfo_stm32.c.obj
[117/180] Building C object zephyr/drivers/gpio/CMakeFiles/drivers__gpio.dir/gpio_stm32.c.obj
[118/180] Linking C static library zephyr/drivers/hwinfo/libdrivers__hwinfo.a
[119/180] Building C object zephyr/subsys/usb/device_next/CMakeFiles/subsys__usb__device_next.dir/usbd_ch9.c.obj
[120/180] Building C object zephyr/drivers/reset/CMakeFiles/drivers__reset.dir/reset_stm32.c.obj
[121/180] Linking C static library zephyr/drivers/gpio/libdrivers__gpio.a
[122/180] Linking C static library zephyr/drivers/reset/libdrivers__reset.a
[123/180] Linking C static library zephyr/subsys/usb/device_next/libsubsys__usb__device_next.a
[124/180] Building C object zephyr/drivers/pinctrl/CMakeFiles/drivers__pinctrl.dir/pinctrl_stm32.c.obj
[125/180] Building C object zephyr/drivers/usb/udc/CMakeFiles/drivers__usb__udc.dir/udc_common.c.obj
[126/180] Building C object modules/hal_stm32/stm32cube/CMakeFiles/..__modules__hal__stm32__stm32cube.dir/stm32h7xx/drivers/src/stm32h7xx_hal.c.obj
[127/180] Building C object modules/hal_stm32/stm32cube/CMakeFiles/..__modules__hal__stm32__stm32cube.dir/stm32h7xx/soc/system_stm32h7xx.c.obj
[128/180] Building C object modules/hal_stm32/stm32cube/CMakeFiles/..__modules__hal__stm32__stm32cube.dir/stm32h7xx/drivers/src/stm32h7xx_hal_rcc.c.obj
[129/180] Linking C static library zephyr/drivers/pinctrl/libdrivers__pinctrl.a
[130/180] Building C object modules/hal_stm32/stm32cube/CMakeFiles/..__modules__hal__stm32__stm32cube.dir/stm32h7xx/drivers/src/stm32h7xx_hal_cortex.c.obj
[131/180] Building C object modules/hal_stm32/stm32cube/CMakeFiles/..__modules__hal__stm32__stm32cube.dir/stm32h7xx/drivers/src/stm32h7xx_hal_pcd.c.obj
[132/180] Building C object modules/hal_stm32/stm32cube/CMakeFiles/..__modules__hal__stm32__stm32cube.dir/stm32h7xx/drivers/src/stm32h7xx_hal_rcc_ex.c.obj
[133/180] Building C object modules/hal_stm32/stm32cube/CMakeFiles/..__modules__hal__stm32__stm32cube.dir/stm32h7xx/drivers/src/stm32h7xx_hal_pcd_ex.c.obj
[134/180] Building C object modules/hal_stm32/stm32cube/CMakeFiles/..__modules__hal__stm32__stm32cube.dir/stm32h7xx/drivers/src/stm32h7xx_ll_rcc.c.obj
[135/180] Building C object zephyr/drivers/timer/CMakeFiles/drivers__timer.dir/cortex_m_systick.c.obj
[136/180] Building C object zephyr/drivers/serial/CMakeFiles/drivers__serial.dir/uart_stm32.c.obj
[137/180] Building C object modules/hal_stm32/stm32cube/CMakeFiles/..__modules__hal__stm32__stm32cube.dir/stm32h7xx/drivers/src/stm32h7xx_ll_usb.c.obj
[138/180] Building C object zephyr/drivers/timer/CMakeFiles/drivers__timer.dir/sys_clock_init.c.obj
[139/180] Building C object modules/hal_stm32/stm32cube/CMakeFiles/..__modules__hal__stm32__stm32cube.dir/stm32h7xx/drivers/src/stm32h7xx_ll_utils.c.obj
[140/180] Linking C static library zephyr/drivers/serial/libdrivers__serial.a
[141/180] Linking C static library zephyr/drivers/timer/libdrivers__timer.a
[142/180] Linking C static library modules/hal_stm32/stm32cube/lib..__modules__hal__stm32__stm32cube.a
[143/180] Building C object zephyr/drivers/usb/udc/CMakeFiles/drivers__usb__udc.dir/udc_stm32.c.obj
[144/180] Linking C static library zephyr/drivers/usb/udc/libdrivers__usb__udc.a
[145/180] Building C object zephyr/kernel/CMakeFiles/kernel.dir/version.c.obj
[146/180] Building C object zephyr/kernel/CMakeFiles/kernel.dir/banner.c.obj
[147/180] Building C object zephyr/kernel/CMakeFiles/kernel.dir/main_weak.c.obj
[148/180] Building C object zephyr/kernel/CMakeFiles/kernel.dir/busy_wait.c.obj
[149/180] Building C object zephyr/kernel/CMakeFiles/kernel.dir/errno.c.obj
[150/180] Building C object zephyr/kernel/CMakeFiles/kernel.dir/mem_slab.c.obj
[151/180] Building C object zephyr/kernel/CMakeFiles/kernel.dir/device.c.obj
[152/180] Building C object zephyr/kernel/CMakeFiles/kernel.dir/float.c.obj
[153/180] Building C object zephyr/kernel/CMakeFiles/kernel.dir/fatal.c.obj
[154/180] Building C object zephyr/kernel/CMakeFiles/kernel.dir/init.c.obj
[155/180] Building C object zephyr/kernel/CMakeFiles/kernel.dir/kheap.c.obj
[156/180] Building C object zephyr/kernel/CMakeFiles/kernel.dir/idle.c.obj
[157/180] Building C object zephyr/kernel/CMakeFiles/kernel.dir/mailbox.c.obj
[158/180] Building C object zephyr/kernel/CMakeFiles/kernel.dir/msg_q.c.obj
[159/180] Building C object zephyr/kernel/CMakeFiles/kernel.dir/queue.c.obj
[160/180] Building C object zephyr/kernel/CMakeFiles/kernel.dir/sem.c.obj
[161/180] Building C object zephyr/kernel/CMakeFiles/kernel.dir/stack.c.obj
[162/180] Building C object zephyr/kernel/CMakeFiles/kernel.dir/system_work_q.c.obj
[163/180] Building C object zephyr/kernel/CMakeFiles/kernel.dir/work.c.obj
[164/180] Building C object zephyr/kernel/CMakeFiles/kernel.dir/condvar.c.obj
[165/180] Building C object zephyr/kernel/CMakeFiles/kernel.dir/timeslicing.c.obj
[166/180] Building C object zephyr/kernel/CMakeFiles/kernel.dir/thread.c.obj
[167/180] Building C object zephyr/kernel/CMakeFiles/kernel.dir/sched.c.obj
[168/180] Building C object zephyr/kernel/CMakeFiles/kernel.dir/pipe.c.obj
[169/180] Building C object zephyr/kernel/CMakeFiles/kernel.dir/mutex.c.obj
[170/180] Building C object zephyr/kernel/CMakeFiles/kernel.dir/timeout.c.obj
[171/180] Building C object zephyr/kernel/CMakeFiles/kernel.dir/mempool.c.obj
[172/180] Building C object zephyr/kernel/CMakeFiles/kernel.dir/timer.c.obj
[173/180] Building C object zephyr/kernel/CMakeFiles/kernel.dir/dynamic_disabled.c.obj
[174/180] Linking C static library zephyr/kernel/libkernel.a
[175/180] Linking C executable zephyr/zephyr_pre0.elf
[176/180] Generating linker.cmd
[177/180] Generating isr_tables.c, isr_tables_vt.ld, isr_tables_swi.ld
[178/180] Building C object zephyr/CMakeFiles/zephyr_final.dir/misc/empty_file.c.obj
[179/180] Building C object zephyr/CMakeFiles/zephyr_final.dir/isr_tables.c.obj
[180/180] Linking C executable zephyr/zephyr.elf
Memory region         Used Size  Region Size  %age Used
           FLASH:       65892 B         2 MB      3.14%
             RAM:       15580 B       512 KB      2.97%
          EXTMEM:          0 GB         8 MB      0.00%
           SRAM0:          0 GB       512 KB      0.00%
           SRAM1:          0 GB       128 KB      0.00%
           SRAM2:          0 GB       128 KB      0.00%
           SRAM4:          0 GB        64 KB      0.00%
            DTCM:          0 GB       128 KB      0.00%
            ITCM:          0 GB        64 KB      0.00%
           SRAM3:         16 KB        32 KB     50.00%
          SDRAM1:          0 GB         6 MB      0.00%
        IDT_LIST:          0 GB        32 KB      0.00%
Generating files from /home/hdj/zephyrproject/art_pi_example/build-16.webusb/zephyr/zephyr.elf for board: art_pi
image.py: sign the payload
image.py: sign the payload
