-- west build: making build dir /home/hdj/zephyrproject/art_pi_example/build-17.hid_keyboard pristine
-- west build: generating a build system
Loading Zephyr default modules (Zephyr base).
-- Application: /home/hdj/zephyrproject/art_pi_example/17.hid_keyboard
-- CMake version: 3.22.1
-- Found Python3: /usr/bin/python3 (found suitable version "3.10.12", minimum required is "3.10") found components: Interpreter 
-- Cache files will be written to: /home/hdj/.cache/zephyr
-- Zephyr version: 4.2.99 (/home/hdj/zephyrproject/zephyr)
-- Found west (found suitable version "1.3.0", minimum required is "0.14.0")
-- Board: art_pi, qualifiers: stm32h750xx
-- ZEPHYR_TOOLCHAIN_VARIANT not set, trying to locate Zephyr SDK
-- Found host-tools: zephyr 0.17.4 (/home/hdj/zephyrproject/zephyr/zephyr-sdk-0.17.4)
-- Found toolchain: zephyr 0.17.4 (/home/hdj/zephyrproject/zephyr/zephyr-sdk-0.17.4)
-- Found Dtc: /home/hdj/zephyrproject/zephyr/zephyr-sdk-0.17.4/sysroots/x86_64-pokysdk-linux/usr/bin/dtc (found suitable version "1.7.0", minimum required is "1.4.6") 
-- Found BOARD.dts: /home/hdj/zephyrproject/zephyr/boards/ruiside/art_pi/art_pi.dts
-- Found devicetree overlay: /home/hdj/zephyrproject/art_pi_example/17.hid_keyboard/art_pi.overlay
-- Generated zephyr.dts: /home/hdj/zephyrproject/art_pi_example/build-17.hid_keyboard/zephyr/zephyr.dts
-- Generated pickled edt: /home/hdj/zephyrproject/art_pi_example/build-17.hid_keyboard/zephyr/edt.pickle
-- Generated devicetree_generated.h: /home/hdj/zephyrproject/art_pi_example/build-17.hid_keyboard/zephyr/include/generated/zephyr/devicetree_generated.h
Parsing /home/hdj/zephyrproject/art_pi_example/17.hid_keyboard/Kconfig
Loaded configuration '/home/hdj/zephyrproject/zephyr/boards/ruiside/art_pi/art_pi_defconfig'
Merged configuration '/home/hdj/zephyrproject/art_pi_example/17.hid_keyboard/prj.conf'
Merged configuration '/home/hdj/zephyrproject/art_pi_example/build-17.hid_keyboard/zephyr/misc/generated/extra_kconfig_options.conf'
Configuration saved to '/home/hdj/zephyrproject/art_pi_example/build-17.hid_keyboard/zephyr/.config'
Kconfig header saved to '/home/hdj/zephyrproject/art_pi_example/build-17.hid_keyboard/zephyr/include/generated/zephyr/autoconf.h'
-- Found GnuLd: /home/hdj/zephyrproject/zephyr/zephyr-sdk-0.17.4/arm-zephyr-eabi/arm-zephyr-eabi/bin/ld.bfd (found version "2.38") 
-- The C compiler identification is GNU 12.2.0
-- The CXX compiler identification is GNU 12.2.0
-- The ASM compiler identification is GNU
-- Found assembler: /home/hdj/zephyrproject/zephyr/zephyr-sdk-0.17.4/arm-zephyr-eabi/bin/arm-zephyr-eabi-gcc
-- Using ccache: /usr/bin/ccache
-- Found gen_kobject_list: /home/hdj/zephyrproject/zephyr/scripts/build/gen_kobject_list.py
-- Including signing script: /home/hdj/zephyrproject/zephyr/cmake/mcuboot.cmake
CMake Warning at /home/hdj/zephyrproject/zephyr/cmake/mcuboot.cmake:166 (message):
  slot0_partition write block size devicetree parameter is missing, assuming
  write block size is 4
Call Stack (most recent call first):
  /home/hdj/zephyrproject/zephyr/cmake/mcuboot.cmake:312 (zephyr_mcuboot_tasks)
  /home/hdj/zephyrproject/zephyr/CMakeLists.txt:2199 (include)


-- Configuring done
-- Generating done
-- Build files have been written to: /home/hdj/zephyrproject/art_pi_example/build-17.hid_keyboard
-- west build: building application
[1/193] Preparing syscall dependency handling

[2/193] Generating include/generated/zephyr/version.h
-- Zephyr version: 4.2.99 (/home/hdj/zephyrproject/zephyr), build: v4.2.0-5860-ge8b08d32e572
[3/193] Generating misc/generated/syscalls_subdirs.trigger
[4/193] Generating misc/generated/syscalls.json, misc/generated/struct_tags.json
[5/193] Generating include/generated/device-api-sections.ld, include/generated/device-api-sections.cmake
[6/193] Generating include/generated/zephyr/syscall_dispatch.c, include/generated/zephyr/syscall_exports_llext.c, syscall_weakdefs_llext.c, include/generated/zephyr/syscall_list.h
[7/193] Generating include/generated/zephyr/kobj-types-enum.h, include/generated/zephyr/otype-to-str.h, include/generated/zephyr/otype-to-size.h
[8/193] Generating include/generated/zephyr/driver-validation.h
[9/193] Building C object zephyr/CMakeFiles/offsets.dir/arch/arm/core/offsets/offsets.c.obj
[10/193] Generating include/generated/zephyr/offsets.h
[11/193] Building C object zephyr/CMakeFiles/zephyr.dir/lib/utils/dec.c.obj
[12/193] Building C object zephyr/CMakeFiles/zephyr.dir/lib/os/assert.c.obj
[13/193] Building C object zephyr/CMakeFiles/zephyr.dir/lib/utils/hex.c.obj
[14/193] Building C object zephyr/CMakeFiles/zephyr.dir/lib/libc/validate_libc.c.obj
[15/193] Building C object zephyr/CMakeFiles/zephyr.dir/lib/utils/timeutil.c.obj
[16/193] Building C object zephyr/CMakeFiles/zephyr.dir/lib/utils/bitmask.c.obj
[17/193] Building C object zephyr/CMakeFiles/zephyr.dir/lib/os/sem.c.obj
[18/193] Building C object zephyr/CMakeFiles/zephyr.dir/lib/utils/ring_buffer.c.obj
[19/193] Building C object zephyr/CMakeFiles/zephyr.dir/lib/utils/last_section_id.c.obj
[20/193] Building C object zephyr/CMakeFiles/zephyr.dir/lib/heap/heap.c.obj
[21/193] Building C object zephyr/CMakeFiles/zephyr.dir/misc/generated/configs.c.obj
[22/193] Building C object zephyr/CMakeFiles/zephyr.dir/lib/os/clock.c.obj
[23/193] Building C object zephyr/CMakeFiles/zephyr.dir/lib/os/cbprintf_complete.c.obj
[24/193] Building C object zephyr/CMakeFiles/zephyr.dir/lib/os/cbprintf_packaged.c.obj
[25/193] Building C object zephyr/CMakeFiles/zephyr.dir/lib/os/thread_entry.c.obj
[26/193] Building C object zephyr/CMakeFiles/zephyr.dir/soc/st/stm32/common/stm32_cache.c.obj
[27/193] Building C object zephyr/CMakeFiles/zephyr.dir/lib/os/mpsc_pbuf.c.obj
[28/193] Building C object zephyr/CMakeFiles/zephyr.dir/lib/os/printk.c.obj
[29/193] Building C object zephyr/CMakeFiles/zephyr.dir/subsys/logging/log_cache.c.obj
[30/193] Building C object CMakeFiles/app.dir/home/hdj/zephyrproject/zephyr/samples/subsys/usb/common/sample_usbd_init.c.obj
[31/193] Building C object CMakeFiles/app.dir/src/main.c.obj
[32/193] Building C object zephyr/CMakeFiles/zephyr.dir/lib/utils/rb.c.obj
[33/193] Building C object zephyr/CMakeFiles/zephyr.dir/soc/st/stm32/common/soc_config.c.obj
[34/193] Linking C static library app/libapp.a
[35/193] Building C object zephyr/CMakeFiles/zephyr.dir/subsys/logging/log_core.c.obj
[36/193] Building C object zephyr/CMakeFiles/zephyr.dir/soc/st/stm32/common/stm32cube_hal.c.obj
[37/193] Building C object zephyr/CMakeFiles/zephyr.dir/soc/st/stm32/stm32h7x/soc_m7.c.obj
[38/193] Building C object zephyr/arch/common/CMakeFiles/arch__common.dir/init.c.obj
[39/193] Building C object zephyr/CMakeFiles/zephyr.dir/soc/st/stm32/stm32h7x/mpu_regions.c.obj
[40/193] Building C object zephyr/CMakeFiles/zephyr.dir/lib/utils/bitarray.c.obj
[41/193] Building C object zephyr/CMakeFiles/zephyr.dir/soc/st/stm32/common/stm32_backup_domain.c.obj
[42/193] Building ASM object zephyr/arch/arch/arm/core/CMakeFiles/arch__arm__core.dir/nmi_on_reset.S.obj
[43/193] Building C object zephyr/CMakeFiles/zephyr.dir/subsys/logging/log_mgmt.c.obj
[44/193] Building C object zephyr/CMakeFiles/zephyr.dir/subsys/logging/log_msg.c.obj
[45/193] Generating linker_zephyr_pre0.cmd
[46/193] Building C object zephyr/CMakeFiles/zephyr_pre0.dir/misc/empty_file.c.obj
[47/193] Building C object zephyr/CMakeFiles/zephyr.dir/subsys/logging/log_output.c.obj
[48/193] Building ASM object zephyr/arch/arch/arm/core/cortex_m/CMakeFiles/arch__arm__core__cortex_m.dir/fault_s.S.obj
[49/193] Building C object zephyr/CMakeFiles/zephyr.dir/subsys/tracing/tracing_none.c.obj
[50/193] Building C object zephyr/arch/common/CMakeFiles/arch__common.dir/xip.c.obj
[51/193] Building ASM object zephyr/arch/arch/arm/core/cortex_m/CMakeFiles/arch__arm__core__cortex_m.dir/reset.S.obj
[52/193] Building C object zephyr/arch/common/CMakeFiles/arch__common.dir/sw_isr_common.c.obj
[53/193] Building C object zephyr/CMakeFiles/zephyr.dir/subsys/logging/backends/log_backend_uart.c.obj
[54/193] Building C object zephyr/arch/arch/arm/core/CMakeFiles/arch__arm__core.dir/tls.c.obj
[55/193] Building C object zephyr/CMakeFiles/zephyr.dir/subsys/mem_mgmt/mem_attr.c.obj
[56/193] Building C object zephyr/arch/common/CMakeFiles/isr_tables.dir/isr_tables.c.obj
[57/193] Building ASM object zephyr/arch/arch/arm/core/cortex_m/CMakeFiles/arch__arm__core__cortex_m.dir/vector_table.S.obj
[58/193] Building C object zephyr/arch/arch/arm/core/cortex_m/CMakeFiles/arch__arm__core__cortex_m.dir/exc_exit.c.obj
[59/193] Building ASM object zephyr/arch/arch/arm/core/cortex_m/CMakeFiles/arch__arm__core__cortex_m.dir/swap_helper.S.obj
[60/193] Linking C static library zephyr/arch/common/libisr_tables.a
[61/193] Building C object zephyr/arch/arch/arm/core/CMakeFiles/arch__arm__core.dir/nmi.c.obj
[62/193] Building C object zephyr/arch/arch/arm/core/CMakeFiles/arch__arm__core.dir/fatal.c.obj
[63/193] Linking C static library zephyr/libzephyr.a
[64/193] Linking C static library zephyr/arch/arch/arm/core/libarch__arm__core.a
[65/193] Linking C static library zephyr/arch/common/libarch__common.a
[66/193] Building C object zephyr/arch/arch/arm/core/cortex_m/CMakeFiles/arch__arm__core__cortex_m.dir/thread_abort.c.obj
[67/193] Building C object zephyr/arch/arch/arm/core/cortex_m/CMakeFiles/arch__arm__core__cortex_m.dir/fpu.c.obj
[68/193] Building ASM object zephyr/arch/arch/arm/core/cortex_m/CMakeFiles/arch__arm__core__cortex_m.dir/__aeabi_read_tp.S.obj
[69/193] Building C object zephyr/arch/arch/arm/core/cortex_m/CMakeFiles/arch__arm__core__cortex_m.dir/scb.c.obj
[70/193] Building C object zephyr/subsys/usb/device_next/CMakeFiles/subsys__usb__device_next.dir/usbd_config.c.obj
[71/193] Building C object zephyr/subsys/usb/device_next/CMakeFiles/subsys__usb__device_next.dir/usbd_desc.c.obj
[72/193] Building C object zephyr/arch/arch/arm/core/cortex_m/CMakeFiles/arch__arm__core__cortex_m.dir/cpu_idle.c.obj
[73/193] Building C object zephyr/arch/arch/arm/core/cortex_m/CMakeFiles/arch__arm__core__cortex_m.dir/fault.c.obj
[74/193] Building C object zephyr/arch/arch/arm/core/cortex_m/CMakeFiles/arch__arm__core__cortex_m.dir/isr_wrapper.c.obj
[75/193] Building C object zephyr/arch/arch/arm/core/cortex_m/CMakeFiles/arch__arm__core__cortex_m.dir/prep_c.c.obj
[76/193] Building C object zephyr/arch/arch/arm/core/cortex_m/CMakeFiles/arch__arm__core__cortex_m.dir/irq_manage.c.obj
[77/193] Building C object zephyr/arch/arch/arm/core/cortex_m/CMakeFiles/arch__arm__core__cortex_m.dir/thread.c.obj
[78/193] Building C object zephyr/arch/arch/arm/core/cortex_m/CMakeFiles/arch__arm__core__cortex_m.dir/irq_init.c.obj
[79/193] Building C object zephyr/lib/libc/common/CMakeFiles/lib__libc__common.dir/source/time/time.c.obj
[80/193] Building C object zephyr/arch/arch/arm/core/cortex_m/CMakeFiles/arch__arm__core__cortex_m.dir/cache.c.obj
[81/193] Building C object zephyr/arch/arch/arm/core/mpu/CMakeFiles/arch__arm__core__mpu.dir/arm_core_mpu.c.obj
[82/193] Linking C static library zephyr/arch/arch/arm/core/cortex_m/libarch__arm__core__cortex_m.a
[83/193] Building C object zephyr/lib/libc/picolibc/CMakeFiles/lib__libc__picolibc.dir/exit.c.obj
[84/193] Building C object zephyr/lib/libc/picolibc/CMakeFiles/lib__libc__picolibc.dir/cbprintf.c.obj
[85/193] Building C object zephyr/lib/libc/picolibc/CMakeFiles/lib__libc__picolibc.dir/locks.c.obj
[86/193] Building C object zephyr/lib/libc/picolibc/CMakeFiles/lib__libc__picolibc.dir/stdio.c.obj
[87/193] Building C object zephyr/lib/libc/picolibc/CMakeFiles/lib__libc__picolibc.dir/chk_fail.c.obj
[88/193] Building C object zephyr/lib/libc/picolibc/CMakeFiles/lib__libc__picolibc.dir/assert.c.obj
[89/193] Building C object zephyr/lib/libc/common/CMakeFiles/lib__libc__common.dir/source/stdlib/abort.c.obj
[90/193] Building C object zephyr/arch/arch/arm/core/mpu/CMakeFiles/arch__arm__core__mpu.dir/arm_mpu.c.obj
[91/193] Building C object zephyr/lib/libc/picolibc/CMakeFiles/lib__libc__picolibc.dir/errno_wrap.c.obj
[92/193] Linking C static library zephyr/lib/libc/picolibc/liblib__libc__picolibc.a
[93/193] Linking C static library zephyr/arch/arch/arm/core/mpu/libarch__arm__core__mpu.a
[94/193] Building C object zephyr/lib/libc/common/CMakeFiles/lib__libc__common.dir/source/stdlib/malloc.c.obj
[95/193] Linking C static library zephyr/lib/libc/common/liblib__libc__common.a
[96/193] Building C object zephyr/lib/net_buf/CMakeFiles/lib__net_buf.dir/buf_simple.c.obj
[97/193] Building C object zephyr/lib/net_buf/CMakeFiles/lib__net_buf.dir/buf.c.obj
[98/193] Linking C static library zephyr/lib/net_buf/liblib__net_buf.a
[99/193] Building C object zephyr/drivers/i2c/CMakeFiles/drivers__i2c.dir/i2c_ll_stm32_v2.c.obj
[100/193] Building C object zephyr/subsys/input/CMakeFiles/subsys__input.dir/input_hid.c.obj
[101/193] Building C object zephyr/subsys/usb/device_next/CMakeFiles/subsys__usb__device_next.dir/usbd_msg.c.obj
[102/193] Building C object zephyr/subsys/usb/device_next/CMakeFiles/subsys__usb__device_next.dir/usbd_interface.c.obj
[103/193] Building C object zephyr/subsys/usb/device_next/CMakeFiles/subsys__usb__device_next.dir/usbd_core.c.obj
[104/193] Building C object zephyr/subsys/usb/device_next/CMakeFiles/subsys__usb__device_next.dir/usbd_class.c.obj
[105/193] Building C object zephyr/subsys/usb/device_next/CMakeFiles/subsys__usb__device_next.dir/class/usbd_hid_api.c.obj
[106/193] Building C object zephyr/subsys/usb/device_next/CMakeFiles/subsys__usb__device_next.dir/usbd_device.c.obj
[107/193] Building C object zephyr/subsys/usb/device_next/CMakeFiles/subsys__usb__device_next.dir/usbd_init.c.obj
[108/193] Building C object zephyr/subsys/usb/device_next/CMakeFiles/subsys__usb__device_next.dir/usbd_endpoint.c.obj
[109/193] Building C object zephyr/subsys/input/CMakeFiles/subsys__input.dir/input_utils.c.obj
[110/193] Building C object zephyr/subsys/input/CMakeFiles/subsys__input.dir/input.c.obj
[111/193] Linking C static library zephyr/subsys/input/libsubsys__input.a
[112/193] Building C object zephyr/subsys/usb/device_next/CMakeFiles/subsys__usb__device_next.dir/usbd_ch9.c.obj
[113/193] Building C object zephyr/drivers/clock_control/CMakeFiles/drivers__clock_control.dir/clock_stm32_ll_h7.c.obj
[114/193] Building C object zephyr/drivers/hwinfo/CMakeFiles/drivers__hwinfo.dir/hwinfo_weak_impl.c.obj
[115/193] Linking C static library zephyr/drivers/clock_control/libdrivers__clock_control.a
[116/193] Building C object zephyr/subsys/usb/device_next/CMakeFiles/subsys__usb__device_next.dir/class/usbd_hid.c.obj
[117/193] Building C object zephyr/drivers/console/CMakeFiles/drivers__console.dir/uart_console.c.obj
[118/193] Linking C static library zephyr/drivers/console/libdrivers__console.a
[119/193] Building C object zephyr/drivers/gpio/CMakeFiles/drivers__gpio.dir/gpio_stm32.c.obj
[120/193] Linking C static library zephyr/subsys/usb/device_next/libsubsys__usb__device_next.a
[121/193] Building C object zephyr/drivers/interrupt_controller/CMakeFiles/drivers__interrupt_controller.dir/intc_gpio_stm32.c.obj
[122/193] Building C object zephyr/drivers/pinctrl/CMakeFiles/drivers__pinctrl.dir/common.c.obj
[123/193] Linking C static library zephyr/drivers/gpio/libdrivers__gpio.a
[124/193] Building C object zephyr/drivers/hwinfo/CMakeFiles/drivers__hwinfo.dir/hwinfo_stm32.c.obj
[125/193] Linking C static library zephyr/drivers/hwinfo/libdrivers__hwinfo.a
[126/193] Building C object zephyr/drivers/usb/udc/CMakeFiles/drivers__usb__udc.dir/udc_common.c.obj
[127/193] Building C object zephyr/drivers/interrupt_controller/CMakeFiles/drivers__interrupt_controller.dir/intc_exti_stm32.c.obj
[128/193] Building C object zephyr/drivers/i2c/CMakeFiles/drivers__i2c.dir/i2c_common.c.obj
[129/193] Building C object zephyr/drivers/i2c/CMakeFiles/drivers__i2c.dir/i2c_ll_stm32_common.c.obj
[130/193] Building C object zephyr/drivers/input/CMakeFiles/drivers__input.dir/input_gpio_keys.c.obj
[131/193] Linking C static library zephyr/drivers/interrupt_controller/libdrivers__interrupt_controller.a
[132/193] Building C object zephyr/drivers/i2c/CMakeFiles/drivers__i2c.dir/i2c_ll_stm32.c.obj
[133/193] Building C object zephyr/drivers/input/CMakeFiles/drivers__input.dir/input_gt911.c.obj
[134/193] Building C object zephyr/drivers/usb/udc/CMakeFiles/drivers__usb__udc.dir/udc_stm32.c.obj
[135/193] Building C object modules/hal_stm32/stm32cube/CMakeFiles/..__modules__hal__stm32__stm32cube.dir/stm32h7xx/soc/system_stm32h7xx.c.obj
[136/193] Linking C static library zephyr/drivers/i2c/libdrivers__i2c.a
[137/193] Linking C static library zephyr/drivers/input/libdrivers__input.a
[138/193] Building C object modules/hal_stm32/stm32cube/CMakeFiles/..__modules__hal__stm32__stm32cube.dir/stm32h7xx/drivers/src/stm32h7xx_hal_rcc_ex.c.obj
[139/193] Building C object zephyr/drivers/pinctrl/CMakeFiles/drivers__pinctrl.dir/pinctrl_stm32.c.obj
[140/193] Building C object zephyr/drivers/serial/CMakeFiles/drivers__serial.dir/uart_stm32.c.obj
[141/193] Linking C static library zephyr/drivers/usb/udc/libdrivers__usb__udc.a
[142/193] Building C object modules/hal_stm32/stm32cube/CMakeFiles/..__modules__hal__stm32__stm32cube.dir/stm32h7xx/drivers/src/stm32h7xx_hal_rcc.c.obj
[143/193] Building C object zephyr/drivers/reset/CMakeFiles/drivers__reset.dir/reset_stm32.c.obj
[144/193] Building C object zephyr/drivers/timer/CMakeFiles/drivers__timer.dir/cortex_m_systick.c.obj
[145/193] Building C object zephyr/drivers/timer/CMakeFiles/drivers__timer.dir/sys_clock_init.c.obj
[146/193] Building C object modules/hal_stm32/stm32cube/CMakeFiles/..__modules__hal__stm32__stm32cube.dir/stm32h7xx/drivers/src/stm32h7xx_hal.c.obj
[147/193] Linking C static library zephyr/drivers/pinctrl/libdrivers__pinctrl.a
[148/193] Linking C static library zephyr/drivers/reset/libdrivers__reset.a
[149/193] Linking C static library zephyr/drivers/serial/libdrivers__serial.a
[150/193] Linking C static library zephyr/drivers/timer/libdrivers__timer.a
[151/193] Building C object modules/hal_stm32/stm32cube/CMakeFiles/..__modules__hal__stm32__stm32cube.dir/stm32h7xx/drivers/src/stm32h7xx_hal_pcd.c.obj
[152/193] Building C object modules/hal_stm32/stm32cube/CMakeFiles/..__modules__hal__stm32__stm32cube.dir/stm32h7xx/drivers/src/stm32h7xx_hal_pcd_ex.c.obj
[153/193] Building C object modules/hal_stm32/stm32cube/CMakeFiles/..__modules__hal__stm32__stm32cube.dir/stm32h7xx/drivers/src/stm32h7xx_hal_cortex.c.obj
[154/193] Building C object modules/hal_stm32/stm32cube/CMakeFiles/..__modules__hal__stm32__stm32cube.dir/stm32h7xx/drivers/src/stm32h7xx_ll_rcc.c.obj
[155/193] Building C object modules/hal_stm32/stm32cube/CMakeFiles/..__modules__hal__stm32__stm32cube.dir/stm32h7xx/drivers/src/stm32h7xx_ll_utils.c.obj
[156/193] Building C object zephyr/kernel/CMakeFiles/kernel.dir/version.c.obj
[157/193] Building C object modules/hal_stm32/stm32cube/CMakeFiles/..__modules__hal__stm32__stm32cube.dir/stm32h7xx/drivers/src/stm32h7xx_ll_usb.c.obj
[158/193] Linking C static library modules/hal_stm32/stm32cube/lib..__modules__hal__stm32__stm32cube.a
[159/193] Building C object zephyr/kernel/CMakeFiles/kernel.dir/fatal.c.obj
[160/193] Building C object zephyr/kernel/CMakeFiles/kernel.dir/init.c.obj
[161/193] Building C object zephyr/kernel/CMakeFiles/kernel.dir/errno.c.obj
[162/193] Building C object zephyr/kernel/CMakeFiles/kernel.dir/banner.c.obj
[163/193] Building C object zephyr/kernel/CMakeFiles/kernel.dir/busy_wait.c.obj
[164/193] Building C object zephyr/kernel/CMakeFiles/kernel.dir/device.c.obj
[165/193] Building C object zephyr/kernel/CMakeFiles/kernel.dir/mem_slab.c.obj
[166/193] Building C object zephyr/kernel/CMakeFiles/kernel.dir/main_weak.c.obj
[167/193] Building C object zephyr/kernel/CMakeFiles/kernel.dir/mailbox.c.obj
[168/193] Building C object zephyr/kernel/CMakeFiles/kernel.dir/float.c.obj
[169/193] Building C object zephyr/kernel/CMakeFiles/kernel.dir/idle.c.obj
[170/193] Building C object zephyr/kernel/CMakeFiles/kernel.dir/kheap.c.obj
[171/193] Building C object zephyr/kernel/CMakeFiles/kernel.dir/msg_q.c.obj
[172/193] Building C object zephyr/kernel/CMakeFiles/kernel.dir/sem.c.obj
[173/193] Building C object zephyr/kernel/CMakeFiles/kernel.dir/stack.c.obj
[174/193] Building C object zephyr/kernel/CMakeFiles/kernel.dir/mutex.c.obj
[175/193] Building C object zephyr/kernel/CMakeFiles/kernel.dir/pipe.c.obj
[176/193] Building C object zephyr/kernel/CMakeFiles/kernel.dir/queue.c.obj
[177/193] Building C object zephyr/kernel/CMakeFiles/kernel.dir/work.c.obj
[178/193] Building C object zephyr/kernel/CMakeFiles/kernel.dir/timeout.c.obj
[179/193] Building C object zephyr/kernel/CMakeFiles/kernel.dir/condvar.c.obj
[180/193] Building C object zephyr/kernel/CMakeFiles/kernel.dir/system_work_q.c.obj
[181/193] Building C object zephyr/kernel/CMakeFiles/kernel.dir/timeslicing.c.obj
[182/193] Building C object zephyr/kernel/CMakeFiles/kernel.dir/thread.c.obj
[183/193] Building C object zephyr/kernel/CMakeFiles/kernel.dir/sched.c.obj
[184/193] Building C object zephyr/kernel/CMakeFiles/kernel.dir/timer.c.obj
[185/193] Building C object zephyr/kernel/CMakeFiles/kernel.dir/mempool.c.obj
[186/193] Building C object zephyr/kernel/CMakeFiles/kernel.dir/dynamic_disabled.c.obj
[187/193] Linking C static library zephyr/kernel/libkernel.a
[188/193] Linking C executable zephyr/zephyr_pre0.elf
[189/193] Generating linker.cmd
[190/193] Generating isr_tables.c, isr_tables_vt.ld, isr_tables_swi.ld
[191/193] Building C object zephyr/CMakeFiles/zephyr_final.dir/misc/empty_file.c.obj
[192/193] Building C object zephyr/CMakeFiles/zephyr_final.dir/isr_tables.c.obj
[193/193] Linking C executable zephyr/zephyr.elf
Memory region         Used Size  Region Size  %age Used
           FLASH:       72768 B         2 MB      3.47%
             RAM:       15640 B       512 KB      2.98%
          EXTMEM:          0 GB         8 MB      0.00%
           SRAM0:          0 GB       512 KB      0.00%
           SRAM1:          0 GB       128 KB      0.00%
           SRAM2:          0 GB       128 KB      0.00%
           SRAM4:          0 GB        64 KB      0.00%
            DTCM:          0 GB       128 KB      0.00%
            ITCM:          0 GB        64 KB      0.00%
           SRAM3:         16 KB        32 KB     50.00%
          SDRAM1:          0 GB         6 MB      0.00%
        IDT_LIST:          0 GB        32 KB      0.00%
Generating files from /home/hdj/zephyrproject/art_pi_example/build-17.hid_keyboard/zephyr/zephyr.elf for board: art_pi
image.py: sign the payload
image.py: sign the payload
