-- west build: making build dir /home/hdj/zephyrproject/art_pi_example/build-2.app pristine
-- west build: generating a build system
Loading Zephyr default modules (Zephyr base).
-- Application: /home/hdj/zephyrproject/art_pi_example/2.app
-- CMake version: 3.22.1
-- Found Python3: /usr/bin/python3 (found suitable version "3.10.12", minimum required is "3.10") found components: Interpreter 
-- Cache files will be written to: /home/hdj/.cache/zephyr
-- Zephyr version: 4.2.99 (/home/hdj/zephyrproject/zephyr)
-- Found west (found suitable version "1.3.0", minimum required is "0.14.0")
-- Board: art_pi, qualifiers: stm32h750xx
-- ZEPHYR_TOOLCHAIN_VARIANT not set, trying to locate Zephyr SDK
-- Found host-tools: zephyr 0.17.4 (/home/hdj/zephyrproject/zephyr/zephyr-sdk-0.17.4)
-- Found toolchain: zephyr 0.17.4 (/home/hdj/zephyrproject/zephyr/zephyr-sdk-0.17.4)
-- Found Dtc: /home/hdj/zephyrproject/zephyr/zephyr-sdk-0.17.4/sysroots/x86_64-pokysdk-linux/usr/bin/dtc (found suitable version "1.7.0", minimum required is "1.4.6") 
-- Found BOARD.dts: /home/hdj/zephyrproject/zephyr/boards/ruiside/art_pi/art_pi.dts
-- Found devicetree overlay: /home/hdj/zephyrproject/art_pi_example/2.app/art_pi.overlay
-- Generated zephyr.dts: /home/hdj/zephyrproject/art_pi_example/build-2.app/zephyr/zephyr.dts
-- Generated pickled edt: /home/hdj/zephyrproject/art_pi_example/build-2.app/zephyr/edt.pickle
-- Generated devicetree_generated.h: /home/hdj/zephyrproject/art_pi_example/build-2.app/zephyr/include/generated/zephyr/devicetree_generated.h
Parsing /home/hdj/zephyrproject/zephyr/Kconfig
Loaded configuration '/home/hdj/zephyrproject/zephyr/boards/ruiside/art_pi/art_pi_defconfig'
Merged configuration '/home/hdj/zephyrproject/art_pi_example/2.app/prj.conf'
Merged configuration '/home/hdj/zephyrproject/art_pi_example/build-2.app/zephyr/misc/generated/extra_kconfig_options.conf'
Configuration saved to '/home/hdj/zephyrproject/art_pi_example/build-2.app/zephyr/.config'
Kconfig header saved to '/home/hdj/zephyrproject/art_pi_example/build-2.app/zephyr/include/generated/zephyr/autoconf.h'
-- Found GnuLd: /home/hdj/zephyrproject/zephyr/zephyr-sdk-0.17.4/arm-zephyr-eabi/arm-zephyr-eabi/bin/ld.bfd (found version "2.38") 
-- The C compiler identification is GNU 12.2.0
-- The CXX compiler identification is GNU 12.2.0
-- The ASM compiler identification is GNU
-- Found assembler: /home/hdj/zephyrproject/zephyr/zephyr-sdk-0.17.4/arm-zephyr-eabi/bin/arm-zephyr-eabi-gcc
-- Using ccache: /usr/bin/ccache
-- Found gen_kobject_list: /home/hdj/zephyrproject/zephyr/scripts/build/gen_kobject_list.py
-- Including signing script: /home/hdj/zephyrproject/zephyr/cmake/mcuboot.cmake
CMake Warning at /home/hdj/zephyrproject/zephyr/cmake/mcuboot.cmake:166 (message):
  slot0_partition write block size devicetree parameter is missing, assuming
  write block size is 4
Call Stack (most recent call first):
  /home/hdj/zephyrproject/zephyr/cmake/mcuboot.cmake:312 (zephyr_mcuboot_tasks)
  /home/hdj/zephyrproject/zephyr/CMakeLists.txt:2199 (include)


-- Configuring done
-- Generating done
-- Build files have been written to: /home/hdj/zephyrproject/art_pi_example/build-2.app
-- west build: building application
[1/148] Preparing syscall dependency handling

[2/148] Generating include/generated/zephyr/version.h
-- Zephyr version: 4.2.99 (/home/hdj/zephyrproject/zephyr), build: v4.2.0-5860-ge8b08d32e572
[3/148] Generating misc/generated/syscalls_subdirs.trigger
[4/148] Generating misc/generated/syscalls.json, misc/generated/struct_tags.json
[5/148] Generating include/generated/device-api-sections.ld, include/generated/device-api-sections.cmake
[6/148] Generating include/generated/zephyr/syscall_dispatch.c, include/generated/zephyr/syscall_exports_llext.c, syscall_weakdefs_llext.c, include/generated/zephyr/syscall_list.h
[7/148] Generating include/generated/zephyr/kobj-types-enum.h, include/generated/zephyr/otype-to-str.h, include/generated/zephyr/otype-to-size.h
[8/148] Generating include/generated/zephyr/driver-validation.h
[9/148] Building C object zephyr/CMakeFiles/offsets.dir/arch/arm/core/offsets/offsets.c.obj
[10/148] Generating include/generated/zephyr/offsets.h
[11/148] Building C object zephyr/CMakeFiles/zephyr.dir/lib/utils/dec.c.obj
[12/148] Building C object zephyr/CMakeFiles/zephyr.dir/lib/utils/hex.c.obj
[13/148] Building C object zephyr/CMakeFiles/zephyr.dir/lib/utils/timeutil.c.obj
[14/148] Building C object zephyr/CMakeFiles/zephyr.dir/lib/os/cbprintf_packaged.c.obj
[15/148] Building C object zephyr/CMakeFiles/zephyr.dir/lib/utils/bitmask.c.obj
[16/148] Building C object zephyr/CMakeFiles/zephyr.dir/lib/utils/last_section_id.c.obj
[17/148] Building C object zephyr/CMakeFiles/zephyr.dir/lib/utils/ring_buffer.c.obj
[18/148] Building C object zephyr/CMakeFiles/zephyr.dir/lib/os/assert.c.obj
[19/148] Building C object zephyr/CMakeFiles/zephyr.dir/lib/os/clock.c.obj
[20/148] Building C object zephyr/CMakeFiles/zephyr.dir/misc/generated/configs.c.obj
[21/148] Building C object zephyr/CMakeFiles/zephyr.dir/soc/st/stm32/common/stm32_cache.c.obj
[22/148] Building C object zephyr/CMakeFiles/zephyr.dir/lib/libc/validate_libc.c.obj
[23/148] Building C object zephyr/CMakeFiles/zephyr.dir/lib/os/sem.c.obj
[24/148] Building C object zephyr/CMakeFiles/zephyr.dir/lib/os/printk.c.obj
[25/148] Building C object zephyr/CMakeFiles/zephyr.dir/lib/os/thread_entry.c.obj
[26/148] Building C object CMakeFiles/app.dir/src/main.c.obj
[27/148] Building C object zephyr/CMakeFiles/zephyr.dir/lib/heap/heap.c.obj
[28/148] Linking C static library app/libapp.a
[29/148] Building C object zephyr/arch/common/CMakeFiles/arch__common.dir/init.c.obj
[30/148] Building C object zephyr/CMakeFiles/zephyr.dir/lib/os/cbprintf_complete.c.obj
[31/148] Building C object zephyr/CMakeFiles/zephyr.dir/lib/utils/bitarray.c.obj
[32/148] Generating linker_zephyr_pre0.cmd
[33/148] Building ASM object zephyr/arch/arch/arm/core/cortex_m/CMakeFiles/arch__arm__core__cortex_m.dir/fault_s.S.obj
[34/148] Building C object zephyr/CMakeFiles/zephyr.dir/lib/utils/rb.c.obj
[35/148] Building ASM object zephyr/arch/arch/arm/core/cortex_m/CMakeFiles/arch__arm__core__cortex_m.dir/reset.S.obj
[36/148] Building C object zephyr/CMakeFiles/zephyr.dir/soc/st/stm32/common/soc_config.c.obj
[37/148] Building C object zephyr/CMakeFiles/zephyr.dir/soc/st/stm32/stm32h7x/mpu_regions.c.obj
[38/148] Building C object zephyr/CMakeFiles/zephyr.dir/soc/st/stm32/common/stm32cube_hal.c.obj
[39/148] Building C object zephyr/CMakeFiles/zephyr.dir/soc/st/stm32/common/stm32_backup_domain.c.obj
[40/148] Building ASM object zephyr/arch/arch/arm/core/CMakeFiles/arch__arm__core.dir/nmi_on_reset.S.obj
[41/148] Building C object zephyr/CMakeFiles/zephyr_pre0.dir/misc/empty_file.c.obj
[42/148] Building C object zephyr/CMakeFiles/zephyr.dir/subsys/tracing/tracing_none.c.obj
[43/148] Building C object zephyr/arch/common/CMakeFiles/isr_tables.dir/isr_tables.c.obj
[44/148] Building C object zephyr/CMakeFiles/zephyr.dir/soc/st/stm32/stm32h7x/soc_m7.c.obj
[45/148] Building C object zephyr/CMakeFiles/zephyr.dir/subsys/mem_mgmt/mem_attr.c.obj
[46/148] Linking C static library zephyr/arch/common/libisr_tables.a
[47/148] Building ASM object zephyr/arch/arch/arm/core/cortex_m/CMakeFiles/arch__arm__core__cortex_m.dir/vector_table.S.obj
[48/148] Building ASM object zephyr/arch/arch/arm/core/cortex_m/CMakeFiles/arch__arm__core__cortex_m.dir/swap_helper.S.obj
[49/148] Linking C static library zephyr/libzephyr.a
[50/148] Building C object zephyr/arch/common/CMakeFiles/arch__common.dir/xip.c.obj
[51/148] Building C object zephyr/arch/arch/arm/core/cortex_m/CMakeFiles/arch__arm__core__cortex_m.dir/fpu.c.obj
[52/148] Building C object zephyr/arch/common/CMakeFiles/arch__common.dir/sw_isr_common.c.obj
[53/148] Linking C static library zephyr/arch/common/libarch__common.a
[54/148] Building C object zephyr/arch/arch/arm/core/CMakeFiles/arch__arm__core.dir/fatal.c.obj
[55/148] Building C object zephyr/arch/arch/arm/core/CMakeFiles/arch__arm__core.dir/nmi.c.obj
[56/148] Building ASM object zephyr/arch/arch/arm/core/cortex_m/CMakeFiles/arch__arm__core__cortex_m.dir/__aeabi_read_tp.S.obj
[57/148] Building C object zephyr/arch/arch/arm/core/CMakeFiles/arch__arm__core.dir/tls.c.obj
[58/148] Building C object zephyr/arch/arch/arm/core/cortex_m/CMakeFiles/arch__arm__core__cortex_m.dir/exc_exit.c.obj
[59/148] Building C object zephyr/arch/arch/arm/core/cortex_m/CMakeFiles/arch__arm__core__cortex_m.dir/fault.c.obj
[60/148] Building C object zephyr/arch/arch/arm/core/cortex_m/CMakeFiles/arch__arm__core__cortex_m.dir/scb.c.obj
[61/148] Linking C static library zephyr/arch/arch/arm/core/libarch__arm__core.a
[62/148] Building C object zephyr/arch/arch/arm/core/cortex_m/CMakeFiles/arch__arm__core__cortex_m.dir/thread_abort.c.obj
[63/148] Building C object zephyr/arch/arch/arm/core/cortex_m/CMakeFiles/arch__arm__core__cortex_m.dir/irq_manage.c.obj
[64/148] Building C object zephyr/arch/arch/arm/core/cortex_m/CMakeFiles/arch__arm__core__cortex_m.dir/cpu_idle.c.obj
[65/148] Building C object zephyr/arch/arch/arm/core/cortex_m/CMakeFiles/arch__arm__core__cortex_m.dir/thread.c.obj
[66/148] Building C object zephyr/arch/arch/arm/core/cortex_m/CMakeFiles/arch__arm__core__cortex_m.dir/prep_c.c.obj
[67/148] Building C object zephyr/arch/arch/arm/core/cortex_m/CMakeFiles/arch__arm__core__cortex_m.dir/isr_wrapper.c.obj
[68/148] Building C object zephyr/arch/arch/arm/core/cortex_m/CMakeFiles/arch__arm__core__cortex_m.dir/irq_init.c.obj
[69/148] Building C object zephyr/lib/libc/common/CMakeFiles/lib__libc__common.dir/source/time/time.c.obj
[70/148] Building C object zephyr/arch/arch/arm/core/cortex_m/CMakeFiles/arch__arm__core__cortex_m.dir/cache.c.obj
[71/148] Building C object zephyr/arch/arch/arm/core/mpu/CMakeFiles/arch__arm__core__mpu.dir/arm_core_mpu.c.obj
[72/148] Linking C static library zephyr/arch/arch/arm/core/cortex_m/libarch__arm__core__cortex_m.a
[73/148] Building C object zephyr/arch/arch/arm/core/mpu/CMakeFiles/arch__arm__core__mpu.dir/arm_mpu.c.obj
[74/148] Building C object zephyr/lib/libc/picolibc/CMakeFiles/lib__libc__picolibc.dir/chk_fail.c.obj
[75/148] Building C object zephyr/lib/libc/picolibc/CMakeFiles/lib__libc__picolibc.dir/assert.c.obj
[76/148] Linking C static library zephyr/arch/arch/arm/core/mpu/libarch__arm__core__mpu.a
[77/148] Building C object zephyr/lib/libc/picolibc/CMakeFiles/lib__libc__picolibc.dir/cbprintf.c.obj
[78/148] Building C object zephyr/drivers/pinctrl/CMakeFiles/drivers__pinctrl.dir/common.c.obj
[79/148] Building C object zephyr/lib/libc/picolibc/CMakeFiles/lib__libc__picolibc.dir/errno_wrap.c.obj
[80/148] Building C object zephyr/lib/libc/picolibc/CMakeFiles/lib__libc__picolibc.dir/locks.c.obj
[81/148] Building C object zephyr/lib/libc/picolibc/CMakeFiles/lib__libc__picolibc.dir/exit.c.obj
[82/148] Building C object zephyr/lib/libc/picolibc/CMakeFiles/lib__libc__picolibc.dir/stdio.c.obj
[83/148] Building C object zephyr/lib/libc/common/CMakeFiles/lib__libc__common.dir/source/stdlib/abort.c.obj
[84/148] Linking C static library zephyr/lib/libc/picolibc/liblib__libc__picolibc.a
[85/148] Building C object zephyr/lib/libc/common/CMakeFiles/lib__libc__common.dir/source/stdlib/malloc.c.obj
[86/148] Building C object zephyr/drivers/interrupt_controller/CMakeFiles/drivers__interrupt_controller.dir/intc_gpio_stm32.c.obj
[87/148] Linking C static library zephyr/lib/libc/common/liblib__libc__common.a
[88/148] Building C object modules/hal_stm32/stm32cube/CMakeFiles/..__modules__hal__stm32__stm32cube.dir/stm32h7xx/soc/system_stm32h7xx.c.obj
[89/148] Building C object zephyr/drivers/clock_control/CMakeFiles/drivers__clock_control.dir/clock_stm32_ll_h7.c.obj
[90/148] Linking C static library zephyr/drivers/clock_control/libdrivers__clock_control.a
[91/148] Building C object zephyr/drivers/reset/CMakeFiles/drivers__reset.dir/reset_stm32.c.obj
[92/148] Building C object zephyr/drivers/interrupt_controller/CMakeFiles/drivers__interrupt_controller.dir/intc_exti_stm32.c.obj
[93/148] Building C object zephyr/drivers/console/CMakeFiles/drivers__console.dir/uart_console.c.obj
[94/148] Linking C static library zephyr/drivers/reset/libdrivers__reset.a
[95/148] Building C object modules/hal_stm32/stm32cube/CMakeFiles/..__modules__hal__stm32__stm32cube.dir/stm32h7xx/drivers/src/stm32h7xx_hal.c.obj
[96/148] Linking C static library zephyr/drivers/interrupt_controller/libdrivers__interrupt_controller.a
[97/148] Building C object modules/hal_stm32/stm32cube/CMakeFiles/..__modules__hal__stm32__stm32cube.dir/stm32h7xx/drivers/src/stm32h7xx_hal_rcc_ex.c.obj
[98/148] Building C object zephyr/drivers/pinctrl/CMakeFiles/drivers__pinctrl.dir/pinctrl_stm32.c.obj
[99/148] Building C object modules/hal_stm32/stm32cube/CMakeFiles/..__modules__hal__stm32__stm32cube.dir/stm32h7xx/drivers/src/stm32h7xx_hal_rcc.c.obj
[100/148] Linking C static library zephyr/drivers/console/libdrivers__console.a
[101/148] Building C object zephyr/drivers/timer/CMakeFiles/drivers__timer.dir/cortex_m_systick.c.obj
[102/148] Building C object zephyr/drivers/timer/CMakeFiles/drivers__timer.dir/sys_clock_init.c.obj
[103/148] Linking C static library zephyr/drivers/pinctrl/libdrivers__pinctrl.a
[104/148] Building C object modules/hal_stm32/stm32cube/CMakeFiles/..__modules__hal__stm32__stm32cube.dir/stm32h7xx/drivers/src/stm32h7xx_ll_rcc.c.obj
[105/148] Building C object zephyr/drivers/gpio/CMakeFiles/drivers__gpio.dir/gpio_stm32.c.obj
[106/148] Linking C static library zephyr/drivers/timer/libdrivers__timer.a
[107/148] Building C object zephyr/drivers/serial/CMakeFiles/drivers__serial.dir/uart_stm32.c.obj
[108/148] Building C object modules/hal_stm32/stm32cube/CMakeFiles/..__modules__hal__stm32__stm32cube.dir/stm32h7xx/drivers/src/stm32h7xx_hal_cortex.c.obj
[109/148] Building C object modules/hal_stm32/stm32cube/CMakeFiles/..__modules__hal__stm32__stm32cube.dir/stm32h7xx/drivers/src/stm32h7xx_ll_utils.c.obj
[110/148] Linking C static library zephyr/drivers/gpio/libdrivers__gpio.a
[111/148] Linking C static library zephyr/drivers/serial/libdrivers__serial.a
[112/148] Building C object zephyr/kernel/CMakeFiles/kernel.dir/version.c.obj
[113/148] Linking C static library modules/hal_stm32/stm32cube/lib..__modules__hal__stm32__stm32cube.a
[114/148] Building C object zephyr/kernel/CMakeFiles/kernel.dir/device.c.obj
[115/148] Building C object zephyr/kernel/CMakeFiles/kernel.dir/main_weak.c.obj
[116/148] Building C object zephyr/kernel/CMakeFiles/kernel.dir/busy_wait.c.obj
[117/148] Building C object zephyr/kernel/CMakeFiles/kernel.dir/banner.c.obj
[118/148] Building C object zephyr/kernel/CMakeFiles/kernel.dir/errno.c.obj
[119/148] Building C object zephyr/kernel/CMakeFiles/kernel.dir/fatal.c.obj
[120/148] Building C object zephyr/kernel/CMakeFiles/kernel.dir/init.c.obj
[121/148] Building C object zephyr/kernel/CMakeFiles/kernel.dir/mem_slab.c.obj
[122/148] Building C object zephyr/kernel/CMakeFiles/kernel.dir/float.c.obj
[123/148] Building C object zephyr/kernel/CMakeFiles/kernel.dir/kheap.c.obj
[124/148] Building C object zephyr/kernel/CMakeFiles/kernel.dir/idle.c.obj
[125/148] Building C object zephyr/kernel/CMakeFiles/kernel.dir/mailbox.c.obj
[126/148] Building C object zephyr/kernel/CMakeFiles/kernel.dir/sem.c.obj
[127/148] Building C object zephyr/kernel/CMakeFiles/kernel.dir/mutex.c.obj
[128/148] Building C object zephyr/kernel/CMakeFiles/kernel.dir/msg_q.c.obj
[129/148] Building C object zephyr/kernel/CMakeFiles/kernel.dir/queue.c.obj
[130/148] Building C object zephyr/kernel/CMakeFiles/kernel.dir/condvar.c.obj
[131/148] Building C object zephyr/kernel/CMakeFiles/kernel.dir/system_work_q.c.obj
[132/148] Building C object zephyr/kernel/CMakeFiles/kernel.dir/stack.c.obj
[133/148] Building C object zephyr/kernel/CMakeFiles/kernel.dir/thread.c.obj
[134/148] Building C object zephyr/kernel/CMakeFiles/kernel.dir/work.c.obj
[135/148] Building C object zephyr/kernel/CMakeFiles/kernel.dir/timeslicing.c.obj
[136/148] Building C object zephyr/kernel/CMakeFiles/kernel.dir/sched.c.obj
[137/148] Building C object zephyr/kernel/CMakeFiles/kernel.dir/pipe.c.obj
[138/148] Building C object zephyr/kernel/CMakeFiles/kernel.dir/dynamic_disabled.c.obj
[139/148] Building C object zephyr/kernel/CMakeFiles/kernel.dir/timer.c.obj
[140/148] Building C object zephyr/kernel/CMakeFiles/kernel.dir/timeout.c.obj
[141/148] Building C object zephyr/kernel/CMakeFiles/kernel.dir/mempool.c.obj
[142/148] Linking C static library zephyr/kernel/libkernel.a
[143/148] Linking C executable zephyr/zephyr_pre0.elf
[144/148] Generating linker.cmd
[145/148] Generating isr_tables.c, isr_tables_vt.ld, isr_tables_swi.ld
[146/148] Building C object zephyr/CMakeFiles/zephyr_final.dir/misc/empty_file.c.obj
[147/148] Building C object zephyr/CMakeFiles/zephyr_final.dir/isr_tables.c.obj
[148/148] Linking C executable zephyr/zephyr.elf
Memory region         Used Size  Region Size  %age Used
           FLASH:       21384 B         2 MB      1.02%
             RAM:        4608 B       512 KB      0.88%
          EXTMEM:          0 GB         8 MB      0.00%
           SRAM0:          0 GB       512 KB      0.00%
           SRAM1:          0 GB       128 KB      0.00%
           SRAM2:          0 GB       128 KB      0.00%
           SRAM4:          0 GB        64 KB      0.00%
            DTCM:          0 GB       128 KB      0.00%
            ITCM:          0 GB        64 KB      0.00%
           SRAM3:         16 KB        32 KB     50.00%
          SDRAM1:          0 GB         6 MB      0.00%
        IDT_LIST:          0 GB        32 KB      0.00%
Generating files from /home/hdj/zephyrproject/art_pi_example/build-2.app/zephyr/zephyr.elf for board: art_pi
image.py: sign the payload
image.py: sign the payload
