-- west build: making build dir /home/hdj/zephyrproject/art_pi_example/build-21.input_longpress pristine
-- west build: generating a build system
Loading Zephyr default modules (Zephyr base).
-- Application: /home/hdj/zephyrproject/art_pi_example/21.input_longpress
-- CMake version: 3.22.1
-- Found Python3: /usr/bin/python3 (found suitable version "3.10.12", minimum required is "3.10") found components: Interpreter 
-- Cache files will be written to: /home/hdj/.cache/zephyr
-- Zephyr version: 4.2.99 (/home/hdj/zephyrproject/zephyr)
-- Found west (found suitable version "1.3.0", minimum required is "0.14.0")
-- Board: art_pi, qualifiers: stm32h750xx
-- ZEPHYR_TOOLCHAIN_VARIANT not set, trying to locate Zephyr SDK
-- Found host-tools: zephyr 0.17.4 (/home/hdj/zephyrproject/zephyr/zephyr-sdk-0.17.4)
-- Found toolchain: zephyr 0.17.4 (/home/hdj/zephyrproject/zephyr/zephyr-sdk-0.17.4)
-- Found Dtc: /home/hdj/zephyrproject/zephyr/zephyr-sdk-0.17.4/sysroots/x86_64-pokysdk-linux/usr/bin/dtc (found suitable version "1.7.0", minimum required is "1.4.6") 
-- Found BOARD.dts: /home/hdj/zephyrproject/zephyr/boards/ruiside/art_pi/art_pi.dts
-- Found devicetree overlay: /home/hdj/zephyrproject/art_pi_example/21.input_longpress/art_pi.overlay
-- Generated zephyr.dts: /home/hdj/zephyrproject/art_pi_example/build-21.input_longpress/zephyr/zephyr.dts
-- Generated pickled edt: /home/hdj/zephyrproject/art_pi_example/build-21.input_longpress/zephyr/edt.pickle
-- Generated devicetree_generated.h: /home/hdj/zephyrproject/art_pi_example/build-21.input_longpress/zephyr/include/generated/zephyr/devicetree_generated.h
Parsing /home/hdj/zephyrproject/zephyr/Kconfig
Loaded configuration '/home/hdj/zephyrproject/zephyr/boards/ruiside/art_pi/art_pi_defconfig'
Merged configuration '/home/hdj/zephyrproject/art_pi_example/21.input_longpress/prj.conf'
Merged configuration '/home/hdj/zephyrproject/art_pi_example/build-21.input_longpress/zephyr/misc/generated/extra_kconfig_options.conf'
Configuration saved to '/home/hdj/zephyrproject/art_pi_example/build-21.input_longpress/zephyr/.config'
Kconfig header saved to '/home/hdj/zephyrproject/art_pi_example/build-21.input_longpress/zephyr/include/generated/zephyr/autoconf.h'
-- Found GnuLd: /home/hdj/zephyrproject/zephyr/zephyr-sdk-0.17.4/arm-zephyr-eabi/arm-zephyr-eabi/bin/ld.bfd (found version "2.38") 
-- The C compiler identification is GNU 12.2.0
-- The CXX compiler identification is GNU 12.2.0
-- The ASM compiler identification is GNU
-- Found assembler: /home/hdj/zephyrproject/zephyr/zephyr-sdk-0.17.4/arm-zephyr-eabi/bin/arm-zephyr-eabi-gcc
-- Using ccache: /usr/bin/ccache
-- Found gen_kobject_list: /home/hdj/zephyrproject/zephyr/scripts/build/gen_kobject_list.py
-- Including signing script: /home/hdj/zephyrproject/zephyr/cmake/mcuboot.cmake
CMake Warning at /home/hdj/zephyrproject/zephyr/cmake/mcuboot.cmake:166 (message):
  slot0_partition write block size devicetree parameter is missing, assuming
  write block size is 4
Call Stack (most recent call first):
  /home/hdj/zephyrproject/zephyr/cmake/mcuboot.cmake:312 (zephyr_mcuboot_tasks)
  /home/hdj/zephyrproject/zephyr/CMakeLists.txt:2199 (include)


-- Configuring done
-- Generating done
-- Build files have been written to: /home/hdj/zephyrproject/art_pi_example/build-21.input_longpress
-- west build: building application
[1/168] Preparing syscall dependency handling

[2/168] Generating include/generated/zephyr/version.h
-- Zephyr version: 4.2.99 (/home/hdj/zephyrproject/zephyr), build: v4.2.0-5860-ge8b08d32e572
[3/168] Generating misc/generated/syscalls_subdirs.trigger
[4/168] Generating misc/generated/syscalls.json, misc/generated/struct_tags.json
[5/168] Generating include/generated/device-api-sections.ld, include/generated/device-api-sections.cmake
[6/168] Generating include/generated/zephyr/syscall_dispatch.c, include/generated/zephyr/syscall_exports_llext.c, syscall_weakdefs_llext.c, include/generated/zephyr/syscall_list.h
[7/168] Generating include/generated/zephyr/kobj-types-enum.h, include/generated/zephyr/otype-to-str.h, include/generated/zephyr/otype-to-size.h
[8/168] Generating include/generated/zephyr/driver-validation.h
[9/168] Building C object zephyr/CMakeFiles/offsets.dir/arch/arm/core/offsets/offsets.c.obj
[10/168] Generating include/generated/zephyr/offsets.h
[11/168] Building C object zephyr/CMakeFiles/zephyr.dir/lib/utils/dec.c.obj
[12/168] Building C object zephyr/CMakeFiles/zephyr.dir/lib/utils/hex.c.obj
[13/168] Building C object zephyr/CMakeFiles/zephyr.dir/lib/libc/validate_libc.c.obj
[14/168] Building C object zephyr/CMakeFiles/zephyr.dir/lib/os/cbprintf_packaged.c.obj
[15/168] Building C object zephyr/CMakeFiles/zephyr.dir/lib/utils/bitmask.c.obj
[16/168] Building C object zephyr/CMakeFiles/zephyr.dir/lib/os/sem.c.obj
[17/168] Building C object zephyr/CMakeFiles/zephyr.dir/lib/os/cbprintf_complete.c.obj
[18/168] Building C object zephyr/CMakeFiles/zephyr.dir/lib/utils/timeutil.c.obj
[19/168] Building C object zephyr/CMakeFiles/zephyr.dir/lib/os/assert.c.obj
[20/168] Building C object zephyr/CMakeFiles/zephyr.dir/lib/utils/last_section_id.c.obj
[21/168] Building C object zephyr/CMakeFiles/zephyr.dir/lib/utils/ring_buffer.c.obj
[22/168] Building C object zephyr/CMakeFiles/zephyr.dir/misc/generated/configs.c.obj
[23/168] Building C object zephyr/CMakeFiles/zephyr.dir/soc/st/stm32/common/stm32_cache.c.obj
[24/168] Building C object zephyr/CMakeFiles/zephyr.dir/lib/heap/heap.c.obj
[25/168] Building C object zephyr/CMakeFiles/zephyr.dir/lib/os/thread_entry.c.obj
[26/168] Building C object zephyr/CMakeFiles/zephyr.dir/lib/os/clock.c.obj
[27/168] Building C object zephyr/CMakeFiles/zephyr.dir/subsys/logging/log_cache.c.obj
[28/168] Building C object zephyr/CMakeFiles/zephyr.dir/lib/os/mpsc_pbuf.c.obj
[29/168] Building C object CMakeFiles/app.dir/src/main.c.obj
[30/168] Linking C static library app/libapp.a
[31/168] Building C object zephyr/CMakeFiles/zephyr.dir/lib/os/printk.c.obj
[32/168] Building C object zephyr/CMakeFiles/zephyr.dir/lib/utils/rb.c.obj
[33/168] Building C object zephyr/CMakeFiles/zephyr.dir/soc/st/stm32/stm32h7x/mpu_regions.c.obj
[34/168] Building C object zephyr/CMakeFiles/zephyr.dir/lib/utils/bitarray.c.obj
[35/168] Building C object zephyr/CMakeFiles/zephyr.dir/soc/st/stm32/common/soc_config.c.obj
[36/168] Building C object zephyr/arch/common/CMakeFiles/arch__common.dir/init.c.obj
[37/168] Building C object zephyr/CMakeFiles/zephyr.dir/soc/st/stm32/common/stm32cube_hal.c.obj
[38/168] Building C object zephyr/CMakeFiles/zephyr.dir/soc/st/stm32/common/stm32_backup_domain.c.obj
[39/168] Building C object zephyr/CMakeFiles/zephyr.dir/subsys/logging/log_core.c.obj
[40/168] Building C object zephyr/CMakeFiles/zephyr.dir/soc/st/stm32/stm32h7x/soc_m7.c.obj
[41/168] Building C object zephyr/CMakeFiles/zephyr.dir/subsys/logging/log_mgmt.c.obj
[42/168] Building ASM object zephyr/arch/arch/arm/core/CMakeFiles/arch__arm__core.dir/nmi_on_reset.S.obj
[43/168] Building C object zephyr/CMakeFiles/zephyr.dir/subsys/logging/log_msg.c.obj
[44/168] Generating linker_zephyr_pre0.cmd
[45/168] Building C object zephyr/CMakeFiles/zephyr.dir/subsys/logging/log_output.c.obj
[46/168] Building C object zephyr/CMakeFiles/zephyr_pre0.dir/misc/empty_file.c.obj
[47/168] Building ASM object zephyr/arch/arch/arm/core/cortex_m/CMakeFiles/arch__arm__core__cortex_m.dir/fault_s.S.obj
[48/168] Building C object zephyr/CMakeFiles/zephyr.dir/subsys/logging/backends/log_backend_uart.c.obj
[49/168] Building ASM object zephyr/arch/arch/arm/core/cortex_m/CMakeFiles/arch__arm__core__cortex_m.dir/reset.S.obj
[50/168] Building C object zephyr/CMakeFiles/zephyr.dir/subsys/mem_mgmt/mem_attr.c.obj
[51/168] Building C object zephyr/CMakeFiles/zephyr.dir/subsys/tracing/tracing_none.c.obj
[52/168] Building C object zephyr/arch/common/CMakeFiles/isr_tables.dir/isr_tables.c.obj
[53/168] Building C object zephyr/arch/common/CMakeFiles/arch__common.dir/xip.c.obj
[54/168] Building C object zephyr/arch/common/CMakeFiles/arch__common.dir/sw_isr_common.c.obj
[55/168] Linking C static library zephyr/arch/common/libisr_tables.a
[56/168] Building ASM object zephyr/arch/arch/arm/core/cortex_m/CMakeFiles/arch__arm__core__cortex_m.dir/vector_table.S.obj
[57/168] Linking C static library zephyr/libzephyr.a
[58/168] Building ASM object zephyr/arch/arch/arm/core/cortex_m/CMakeFiles/arch__arm__core__cortex_m.dir/swap_helper.S.obj
[59/168] Linking C static library zephyr/arch/common/libarch__common.a
[60/168] Building C object zephyr/arch/arch/arm/core/CMakeFiles/arch__arm__core.dir/tls.c.obj
[61/168] Building C object zephyr/arch/arch/arm/core/CMakeFiles/arch__arm__core.dir/nmi.c.obj
[62/168] Building C object zephyr/arch/arch/arm/core/cortex_m/CMakeFiles/arch__arm__core__cortex_m.dir/exc_exit.c.obj
[63/168] Building C object zephyr/arch/arch/arm/core/CMakeFiles/arch__arm__core.dir/fatal.c.obj
[64/168] Building C object zephyr/arch/arch/arm/core/cortex_m/CMakeFiles/arch__arm__core__cortex_m.dir/fpu.c.obj
[65/168] Building ASM object zephyr/arch/arch/arm/core/cortex_m/CMakeFiles/arch__arm__core__cortex_m.dir/__aeabi_read_tp.S.obj
[66/168] Linking C static library zephyr/arch/arch/arm/core/libarch__arm__core.a
[67/168] Building C object zephyr/drivers/interrupt_controller/CMakeFiles/drivers__interrupt_controller.dir/intc_gpio_stm32.c.obj
[68/168] Building C object zephyr/arch/arch/arm/core/cortex_m/CMakeFiles/arch__arm__core__cortex_m.dir/scb.c.obj
[69/168] Building C object zephyr/arch/arch/arm/core/cortex_m/CMakeFiles/arch__arm__core__cortex_m.dir/thread_abort.c.obj
[70/168] Building C object zephyr/arch/arch/arm/core/cortex_m/CMakeFiles/arch__arm__core__cortex_m.dir/thread.c.obj
[71/168] Building C object zephyr/arch/arch/arm/core/cortex_m/CMakeFiles/arch__arm__core__cortex_m.dir/irq_manage.c.obj
[72/168] Building C object zephyr/arch/arch/arm/core/cortex_m/CMakeFiles/arch__arm__core__cortex_m.dir/irq_init.c.obj
[73/168] Building C object zephyr/arch/arch/arm/core/cortex_m/CMakeFiles/arch__arm__core__cortex_m.dir/cpu_idle.c.obj
[74/168] Building C object zephyr/arch/arch/arm/core/cortex_m/CMakeFiles/arch__arm__core__cortex_m.dir/prep_c.c.obj
[75/168] Building C object zephyr/arch/arch/arm/core/cortex_m/CMakeFiles/arch__arm__core__cortex_m.dir/isr_wrapper.c.obj
[76/168] Building C object zephyr/arch/arch/arm/core/cortex_m/CMakeFiles/arch__arm__core__cortex_m.dir/fault.c.obj
[77/168] Building C object zephyr/lib/libc/common/CMakeFiles/lib__libc__common.dir/source/time/time.c.obj
[78/168] Building C object zephyr/arch/arch/arm/core/cortex_m/CMakeFiles/arch__arm__core__cortex_m.dir/cache.c.obj
[79/168] Building C object zephyr/arch/arch/arm/core/mpu/CMakeFiles/arch__arm__core__mpu.dir/arm_core_mpu.c.obj
[80/168] Linking C static library zephyr/arch/arch/arm/core/cortex_m/libarch__arm__core__cortex_m.a
[81/168] Building C object zephyr/subsys/input/CMakeFiles/subsys__input.dir/input_hid.c.obj
[82/168] Building C object zephyr/lib/libc/picolibc/CMakeFiles/lib__libc__picolibc.dir/cbprintf.c.obj
[83/168] Building C object zephyr/lib/libc/picolibc/CMakeFiles/lib__libc__picolibc.dir/assert.c.obj
[84/168] Building C object zephyr/arch/arch/arm/core/mpu/CMakeFiles/arch__arm__core__mpu.dir/arm_mpu.c.obj
[85/168] Building C object zephyr/lib/libc/picolibc/CMakeFiles/lib__libc__picolibc.dir/chk_fail.c.obj
[86/168] Building C object zephyr/lib/libc/picolibc/CMakeFiles/lib__libc__picolibc.dir/locks.c.obj
[87/168] Linking C static library zephyr/arch/arch/arm/core/mpu/libarch__arm__core__mpu.a
[88/168] Building C object zephyr/lib/libc/picolibc/CMakeFiles/lib__libc__picolibc.dir/exit.c.obj
[89/168] Building C object zephyr/lib/libc/picolibc/CMakeFiles/lib__libc__picolibc.dir/errno_wrap.c.obj
[90/168] Building C object zephyr/lib/libc/picolibc/CMakeFiles/lib__libc__picolibc.dir/stdio.c.obj
[91/168] Building C object zephyr/lib/libc/common/CMakeFiles/lib__libc__common.dir/source/stdlib/abort.c.obj
[92/168] Building C object zephyr/lib/libc/common/CMakeFiles/lib__libc__common.dir/source/stdlib/malloc.c.obj
[93/168] Linking C static library zephyr/lib/libc/picolibc/liblib__libc__picolibc.a
[94/168] Linking C static library zephyr/lib/libc/common/liblib__libc__common.a
[95/168] Building C object zephyr/subsys/input/CMakeFiles/subsys__input.dir/input.c.obj
[96/168] Building C object zephyr/subsys/input/CMakeFiles/subsys__input.dir/input_utils.c.obj
[97/168] Building C object zephyr/drivers/pinctrl/CMakeFiles/drivers__pinctrl.dir/common.c.obj
[98/168] Building C object zephyr/subsys/input/CMakeFiles/subsys__input.dir/input_longpress.c.obj
[99/168] Building C object zephyr/drivers/clock_control/CMakeFiles/drivers__clock_control.dir/clock_stm32_ll_h7.c.obj
[100/168] Linking C static library zephyr/subsys/input/libsubsys__input.a
[101/168] Building C object zephyr/drivers/console/CMakeFiles/drivers__console.dir/uart_console.c.obj
[102/168] Building C object zephyr/drivers/i2c/CMakeFiles/drivers__i2c.dir/i2c_ll_stm32_common.c.obj
[103/168] Building C object zephyr/drivers/gpio/CMakeFiles/drivers__gpio.dir/gpio_stm32.c.obj
[104/168] Linking C static library zephyr/drivers/clock_control/libdrivers__clock_control.a
[105/168] Linking C static library zephyr/drivers/console/libdrivers__console.a
[106/168] Linking C static library zephyr/drivers/gpio/libdrivers__gpio.a
[107/168] Building C object zephyr/drivers/i2c/CMakeFiles/drivers__i2c.dir/i2c_ll_stm32.c.obj
[108/168] Building C object zephyr/drivers/i2c/CMakeFiles/drivers__i2c.dir/i2c_common.c.obj
[109/168] Building C object zephyr/drivers/interrupt_controller/CMakeFiles/drivers__interrupt_controller.dir/intc_exti_stm32.c.obj
[110/168] Linking C static library zephyr/drivers/interrupt_controller/libdrivers__interrupt_controller.a
[111/168] Building C object zephyr/drivers/pinctrl/CMakeFiles/drivers__pinctrl.dir/pinctrl_stm32.c.obj
[112/168] Building C object zephyr/drivers/i2c/CMakeFiles/drivers__i2c.dir/i2c_ll_stm32_v2.c.obj
[113/168] Building C object modules/hal_stm32/stm32cube/CMakeFiles/..__modules__hal__stm32__stm32cube.dir/stm32h7xx/soc/system_stm32h7xx.c.obj
[114/168] Building C object modules/hal_stm32/stm32cube/CMakeFiles/..__modules__hal__stm32__stm32cube.dir/stm32h7xx/drivers/src/stm32h7xx_hal.c.obj
[115/168] Linking C static library zephyr/drivers/pinctrl/libdrivers__pinctrl.a
[116/168] Linking C static library zephyr/drivers/i2c/libdrivers__i2c.a
[117/168] Building C object zephyr/drivers/input/CMakeFiles/drivers__input.dir/input_gpio_keys.c.obj
[118/168] Building C object modules/hal_stm32/stm32cube/CMakeFiles/..__modules__hal__stm32__stm32cube.dir/stm32h7xx/drivers/src/stm32h7xx_hal_rcc.c.obj
[119/168] Building C object zephyr/drivers/input/CMakeFiles/drivers__input.dir/input_gt911.c.obj
[120/168] Building C object zephyr/drivers/reset/CMakeFiles/drivers__reset.dir/reset_stm32.c.obj
[121/168] Building C object modules/hal_stm32/stm32cube/CMakeFiles/..__modules__hal__stm32__stm32cube.dir/stm32h7xx/drivers/src/stm32h7xx_hal_rcc_ex.c.obj
[122/168] Linking C static library zephyr/drivers/reset/libdrivers__reset.a
[123/168] Linking C static library zephyr/drivers/input/libdrivers__input.a
[124/168] Building C object zephyr/drivers/timer/CMakeFiles/drivers__timer.dir/cortex_m_systick.c.obj
[125/168] Building C object modules/hal_stm32/stm32cube/CMakeFiles/..__modules__hal__stm32__stm32cube.dir/stm32h7xx/drivers/src/stm32h7xx_hal_cortex.c.obj
[126/168] Building C object modules/hal_stm32/stm32cube/CMakeFiles/..__modules__hal__stm32__stm32cube.dir/stm32h7xx/drivers/src/stm32h7xx_ll_rcc.c.obj
[127/168] Building C object modules/hal_stm32/stm32cube/CMakeFiles/..__modules__hal__stm32__stm32cube.dir/stm32h7xx/drivers/src/stm32h7xx_ll_utils.c.obj
[128/168] Building C object zephyr/drivers/timer/CMakeFiles/drivers__timer.dir/sys_clock_init.c.obj
[129/168] Linking C static library zephyr/drivers/timer/libdrivers__timer.a
[130/168] Linking C static library modules/hal_stm32/stm32cube/lib..__modules__hal__stm32__stm32cube.a
[131/168] Building C object zephyr/kernel/CMakeFiles/kernel.dir/version.c.obj
[132/168] Building C object zephyr/drivers/serial/CMakeFiles/drivers__serial.dir/uart_stm32.c.obj
[133/168] Linking C static library zephyr/drivers/serial/libdrivers__serial.a
[134/168] Building C object zephyr/kernel/CMakeFiles/kernel.dir/main_weak.c.obj
[135/168] Building C object zephyr/kernel/CMakeFiles/kernel.dir/busy_wait.c.obj
[136/168] Building C object zephyr/kernel/CMakeFiles/kernel.dir/device.c.obj
[137/168] Building C object zephyr/kernel/CMakeFiles/kernel.dir/init.c.obj
[138/168] Building C object zephyr/kernel/CMakeFiles/kernel.dir/errno.c.obj
[139/168] Building C object zephyr/kernel/CMakeFiles/kernel.dir/float.c.obj
[140/168] Building C object zephyr/kernel/CMakeFiles/kernel.dir/kheap.c.obj
[141/168] Building C object zephyr/kernel/CMakeFiles/kernel.dir/fatal.c.obj
[142/168] Building C object zephyr/kernel/CMakeFiles/kernel.dir/mem_slab.c.obj
[143/168] Building C object zephyr/kernel/CMakeFiles/kernel.dir/idle.c.obj
[144/168] Building C object zephyr/kernel/CMakeFiles/kernel.dir/mailbox.c.obj
[145/168] Building C object zephyr/kernel/CMakeFiles/kernel.dir/msg_q.c.obj
[146/168] Building C object zephyr/kernel/CMakeFiles/kernel.dir/queue.c.obj
[147/168] Building C object zephyr/kernel/CMakeFiles/kernel.dir/sem.c.obj
[148/168] Building C object zephyr/kernel/CMakeFiles/kernel.dir/banner.c.obj
[149/168] Building C object zephyr/kernel/CMakeFiles/kernel.dir/system_work_q.c.obj
[150/168] Building C object zephyr/kernel/CMakeFiles/kernel.dir/condvar.c.obj
[151/168] Building C object zephyr/kernel/CMakeFiles/kernel.dir/stack.c.obj
[152/168] Building C object zephyr/kernel/CMakeFiles/kernel.dir/work.c.obj
[153/168] Building C object zephyr/kernel/CMakeFiles/kernel.dir/thread.c.obj
[154/168] Building C object zephyr/kernel/CMakeFiles/kernel.dir/mutex.c.obj
[155/168] Building C object zephyr/kernel/CMakeFiles/kernel.dir/pipe.c.obj
[156/168] Building C object zephyr/kernel/CMakeFiles/kernel.dir/sched.c.obj
[157/168] Building C object zephyr/kernel/CMakeFiles/kernel.dir/timeslicing.c.obj
[158/168] Building C object zephyr/kernel/CMakeFiles/kernel.dir/timer.c.obj
[159/168] Building C object zephyr/kernel/CMakeFiles/kernel.dir/dynamic_disabled.c.obj
[160/168] Building C object zephyr/kernel/CMakeFiles/kernel.dir/timeout.c.obj
[161/168] Building C object zephyr/kernel/CMakeFiles/kernel.dir/mempool.c.obj
[162/168] Linking C static library zephyr/kernel/libkernel.a
[163/168] Linking C executable zephyr/zephyr_pre0.elf
[164/168] Generating linker.cmd
[165/168] Generating isr_tables.c, isr_tables_vt.ld, isr_tables_swi.ld
[166/168] Building C object zephyr/CMakeFiles/zephyr_final.dir/misc/empty_file.c.obj
[167/168] Building C object zephyr/CMakeFiles/zephyr_final.dir/isr_tables.c.obj
[168/168] Linking C executable zephyr/zephyr.elf
Memory region         Used Size  Region Size  %age Used
           FLASH:       39348 B         2 MB      1.88%
             RAM:        9920 B       512 KB      1.89%
          EXTMEM:          0 GB         8 MB      0.00%
           SRAM0:          0 GB       512 KB      0.00%
           SRAM1:          0 GB       128 KB      0.00%
           SRAM2:          0 GB       128 KB      0.00%
           SRAM4:          0 GB        64 KB      0.00%
            DTCM:          0 GB       128 KB      0.00%
            ITCM:          0 GB        64 KB      0.00%
           SRAM3:         16 KB        32 KB     50.00%
          SDRAM1:          0 GB         6 MB      0.00%
        IDT_LIST:          0 GB        32 KB      0.00%
Generating files from /home/hdj/zephyrproject/art_pi_example/build-21.input_longpress/zephyr/zephyr.elf for board: art_pi
image.py: sign the payload
image.py: sign the payload
